This is pdfTeX, Version 3.1415926-2.5-1.40.14 (TeX Live 2013/Debian) (format=pdflatex 2014.10.17)  16 JUN 2015 03:09
entering extended mode
 \write18 enabled.
 %&-line parsing enabled.
**report.tex
(./report.tex
LaTeX2e <2011/06/27>
Babel <3.9h> and hyphenation patterns for 4 languages loaded.
(/usr/share/texlive/texmf-dist/tex/latex/base/article.cls
Document Class: article 2007/10/19 v1.4h Standard LaTeX document class
(/usr/share/texlive/texmf-dist/tex/latex/base/size11.clo
File: size11.clo 2007/10/19 v1.4h Standard LaTeX file (size option)
)
\c@part=\count79
\c@section=\count80
\c@subsection=\count81
\c@subsubsection=\count82
\c@paragraph=\count83
\c@subparagraph=\count84
\c@figure=\count85
\c@table=\count86
\abovecaptionskip=\skip41
\belowcaptionskip=\skip42
\bibindent=\dimen102
)
(/usr/share/texlive/texmf-dist/tex/latex/lastpage/lastpage.sty
Package: lastpage 2013/01/28 v1.2l Refers to last page's name (HMM; JPG)
)
(/usr/share/texlive/texmf-dist/tex/latex/fancyhdr/extramarks.sty
\@temptokenb=\toks14
)
(/usr/share/texlive/texmf-dist/tex/latex/graphics/graphicx.sty
Package: graphicx 1999/02/16 v1.0f Enhanced LaTeX Graphics (DPC,SPQR)

(/usr/share/texlive/texmf-dist/tex/latex/graphics/keyval.sty
Package: keyval 1999/03/16 v1.13 key=value parser (DPC)
\KV@toks@=\toks15
)
(/usr/share/texlive/texmf-dist/tex/latex/graphics/graphics.sty
Package: graphics 2009/02/05 v1.0o Standard LaTeX Graphics (DPC,SPQR)

(/usr/share/texlive/texmf-dist/tex/latex/graphics/trig.sty
Package: trig 1999/03/16 v1.09 sin cos tan (DPC)
)
(/usr/share/texlive/texmf-dist/tex/latex/latexconfig/graphics.cfg
File: graphics.cfg 2010/04/23 v1.9 graphics configuration of TeX Live
)
Package graphics Info: Driver file: pdftex.def on input line 91.

(/usr/share/texlive/texmf-dist/tex/latex/pdftex-def/pdftex.def
File: pdftex.def 2011/05/27 v0.06d Graphics/color for pdfTeX

(/usr/share/texlive/texmf-dist/tex/generic/oberdiek/infwarerr.sty
Package: infwarerr 2010/04/08 v1.3 Providing info/warning/error messages (HO)
)
(/usr/share/texlive/texmf-dist/tex/generic/oberdiek/ltxcmds.sty
Package: ltxcmds 2011/11/09 v1.22 LaTeX kernel commands for general use (HO)
)
\Gread@gobject=\count87
))
\Gin@req@height=\dimen103
\Gin@req@width=\dimen104
)
(/usr/share/texlive/texmf-dist/tex/latex/lipsum/lipsum.sty
Package: lipsum 2011/04/14 v1.2 150 paragraphs of Lorem Ipsum dummy text
\c@lips@count=\count88
)
(/usr/share/texlive/texmf-dist/tex/latex/hyperref/hyperref.sty
Package: hyperref 2012/11/06 v6.83m Hypertext links for LaTeX

(/usr/share/texlive/texmf-dist/tex/generic/oberdiek/hobsub-hyperref.sty
Package: hobsub-hyperref 2012/05/28 v1.13 Bundle oberdiek, subset hyperref (HO)


(/usr/share/texlive/texmf-dist/tex/generic/oberdiek/hobsub-generic.sty
Package: hobsub-generic 2012/05/28 v1.13 Bundle oberdiek, subset generic (HO)
Package: hobsub 2012/05/28 v1.13 Construct package bundles (HO)
Package hobsub Info: Skipping package `infwarerr' (already loaded).
Package hobsub Info: Skipping package `ltxcmds' (already loaded).
Package: ifluatex 2010/03/01 v1.3 Provides the ifluatex switch (HO)
Package ifluatex Info: LuaTeX not detected.
Package: ifvtex 2010/03/01 v1.5 Detect VTeX and its facilities (HO)
Package ifvtex Info: VTeX not detected.
Package: intcalc 2007/09/27 v1.1 Expandable calculations with integers (HO)
Package: ifpdf 2011/01/30 v2.3 Provides the ifpdf switch (HO)
Package ifpdf Info: pdfTeX in PDF mode is detected.
Package: etexcmds 2011/02/16 v1.5 Avoid name clashes with e-TeX commands (HO)
Package etexcmds Info: Could not find \expanded.
(etexcmds)             That can mean that you are not using pdfTeX 1.50 or
(etexcmds)             that some package has redefined \expanded.
(etexcmds)             In the latter case, load this package earlier.
Package: kvsetkeys 2012/04/25 v1.16 Key value parser (HO)
Package: kvdefinekeys 2011/04/07 v1.3 Define keys (HO)
Package: pdftexcmds 2011/11/29 v0.20 Utility functions of pdfTeX for LuaTeX (HO
)
Package pdftexcmds Info: LuaTeX not detected.
Package pdftexcmds Info: \pdf@primitive is available.
Package pdftexcmds Info: \pdf@ifprimitive is available.
Package pdftexcmds Info: \pdfdraftmode found.
Package: pdfescape 2011/11/25 v1.13 Implements pdfTeX's escape features (HO)
Package: bigintcalc 2012/04/08 v1.3 Expandable calculations on big integers (HO
)
Package: bitset 2011/01/30 v1.1 Handle bit-vector datatype (HO)
Package: uniquecounter 2011/01/30 v1.2 Provide unlimited unique counter (HO)
)
Package hobsub Info: Skipping package `hobsub' (already loaded).
Package: letltxmacro 2010/09/02 v1.4 Let assignment for LaTeX macros (HO)
Package: hopatch 2012/05/28 v1.2 Wrapper for package hooks (HO)
Package: xcolor-patch 2011/01/30 xcolor patch
Package: atveryend 2011/06/30 v1.8 Hooks at the very end of document (HO)
Package atveryend Info: \enddocument detected (standard20110627).
Package: atbegshi 2011/10/05 v1.16 At begin shipout hook (HO)
Package: refcount 2011/10/16 v3.4 Data extraction from label references (HO)
Package: hycolor 2011/01/30 v1.7 Color options for hyperref/bookmark (HO)
)
(/usr/share/texlive/texmf-dist/tex/generic/ifxetex/ifxetex.sty
Package: ifxetex 2010/09/12 v0.6 Provides ifxetex conditional
)
(/usr/share/texlive/texmf-dist/tex/latex/oberdiek/auxhook.sty
Package: auxhook 2011/03/04 v1.3 Hooks for auxiliary files (HO)
)
(/usr/share/texlive/texmf-dist/tex/latex/oberdiek/kvoptions.sty
Package: kvoptions 2011/06/30 v3.11 Key value format for package options (HO)
)
\@linkdim=\dimen105
\Hy@linkcounter=\count89
\Hy@pagecounter=\count90

(/usr/share/texlive/texmf-dist/tex/latex/hyperref/pd1enc.def
File: pd1enc.def 2012/11/06 v6.83m Hyperref: PDFDocEncoding definition (HO)
)
\Hy@SavedSpaceFactor=\count91

(/usr/share/texlive/texmf-dist/tex/latex/latexconfig/hyperref.cfg
File: hyperref.cfg 2002/06/06 v1.2 hyperref configuration of TeXLive
)
Package hyperref Info: Hyper figures OFF on input line 4443.
Package hyperref Info: Link nesting OFF on input line 4448.
Package hyperref Info: Hyper index ON on input line 4451.
Package hyperref Info: Plain pages OFF on input line 4458.
Package hyperref Info: Backreferencing OFF on input line 4463.
Package hyperref Info: Implicit mode ON; LaTeX internals redefined.
Package hyperref Info: Bookmarks ON on input line 4688.
\c@Hy@tempcnt=\count92

(/usr/share/texlive/texmf-dist/tex/latex/url/url.sty
\Urlmuskip=\muskip10
Package: url 2013/09/16  ver 3.4  Verb mode for urls, etc.
)
LaTeX Info: Redefining \url on input line 5041.
\XeTeXLinkMargin=\dimen106
\Fld@menulength=\count93
\Field@Width=\dimen107
\Fld@charsize=\dimen108
Package hyperref Info: Hyper figures OFF on input line 6295.
Package hyperref Info: Link nesting OFF on input line 6300.
Package hyperref Info: Hyper index ON on input line 6303.
Package hyperref Info: backreferencing OFF on input line 6310.
Package hyperref Info: Link coloring OFF on input line 6315.
Package hyperref Info: Link coloring with OCG OFF on input line 6320.
Package hyperref Info: PDF/A mode OFF on input line 6325.
LaTeX Info: Redefining \ref on input line 6365.
LaTeX Info: Redefining \pageref on input line 6369.
\Hy@abspage=\count94
\c@Item=\count95
\c@Hfootnote=\count96
)

Package hyperref Message: Driver (autodetected): hpdftex.

(/usr/share/texlive/texmf-dist/tex/latex/hyperref/hpdftex.def
File: hpdftex.def 2012/11/06 v6.83m Hyperref driver for pdfTeX
\Fld@listcount=\count97
\c@bookmark@seq@number=\count98

(/usr/share/texlive/texmf-dist/tex/latex/oberdiek/rerunfilecheck.sty
Package: rerunfilecheck 2011/04/15 v1.7 Rerun checks for auxiliary files (HO)
Package uniquecounter Info: New unique counter `rerunfilecheck' on input line 2
82.
)
\Hy@SectionHShift=\skip43
)
(/usr/share/texlive/texmf-dist/tex/latex/tools/longtable.sty
Package: longtable 2004/02/01 v4.11 Multi-page Table package (DPC)
\LTleft=\skip44
\LTright=\skip45
\LTpre=\skip46
\LTpost=\skip47
\LTchunksize=\count99
\LTcapwidth=\dimen109
\LT@head=\box26
\LT@firsthead=\box27
\LT@foot=\box28
\LT@lastfoot=\box29
\LT@cols=\count100
\LT@rows=\count101
\c@LT@tables=\count102
\c@LT@chunks=\count103
\LT@p@ftn=\toks16
)
(/usr/share/texlive/texmf-dist/tex/latex/float/float.sty
Package: float 2001/11/08 v1.3d Float enhancements (AL)
\c@float@type=\count104
\float@exts=\toks17
\float@box=\box30
\@float@everytoks=\toks18
\@floatcapt=\box31
)
(/usr/share/texlive/texmf-dist/tex/latex/footmisc/footmisc.sty
Package: footmisc 2011/06/06 v5.5b a miscellany of footnote facilities
\FN@temptoken=\toks19
\footnotemargin=\dimen110
\c@pp@next@reset=\count105
Package footmisc Info: Declaring symbol style bringhurst on input line 855.
Package footmisc Info: Declaring symbol style chicago on input line 863.
Package footmisc Info: Declaring symbol style wiley on input line 872.
Package footmisc Info: Declaring symbol style lamport-robust on input line 883.

Package footmisc Info: Declaring symbol style lamport* on input line 903.
Package footmisc Info: Declaring symbol style lamport*-robust on input line 924
.
)
(/usr/share/texlive/texmf-dist/tex/latex/caption/subcaption.sty
Package: subcaption 2013/02/03 v1.1-62 Sub-captions (AR)

(/usr/share/texlive/texmf-dist/tex/latex/caption/caption.sty
Package: caption 2013/05/02 v3.3-89 Customizing captions (AR)

(/usr/share/texlive/texmf-dist/tex/latex/caption/caption3.sty
Package: caption3 2013/05/02 v1.6-88 caption3 kernel (AR)
Package caption3 Info: TeX engine: e-TeX on input line 57.
\captionmargin=\dimen111
\captionmargin@=\dimen112
\captionwidth=\dimen113
\caption@tempdima=\dimen114
\caption@indent=\dimen115
\caption@parindent=\dimen116
\caption@hangindent=\dimen117
)
\c@ContinuedFloat=\count106
Package caption Info: float package is loaded.
Package caption Info: hyperref package is loaded.
Package caption Info: longtable package is loaded.

(/usr/share/texlive/texmf-dist/tex/latex/caption/ltcaption.sty
Package: ltcaption 2013/02/03 v1.3-62 longtable captions (AR)
))
\c@subfigure=\count107
\c@subtable=\count108
)
(/usr/share/texlive/texmf-dist/tex/latex/listings/listings.sty
\lst@mode=\count109
\lst@gtempboxa=\box32
\lst@token=\toks20
\lst@length=\count110
\lst@currlwidth=\dimen118
\lst@column=\count111
\lst@pos=\count112
\lst@lostspace=\dimen119
\lst@width=\dimen120
\lst@newlines=\count113
\lst@lineno=\count114
\lst@maxwidth=\dimen121

(/usr/share/texlive/texmf-dist/tex/latex/listings/lstmisc.sty
File: lstmisc.sty 2013/08/26 1.5b (Carsten Heinz)
\c@lstnumber=\count115
\lst@skipnumbers=\count116
\lst@framebox=\box33
)
(/usr/share/texlive/texmf-dist/tex/latex/listings/listings.cfg
File: listings.cfg 2013/08/26 1.5b listings configuration
))
Package: listings 2013/08/26 1.5b (Carsten Heinz)

(/usr/share/texlive/texmf-dist/tex/latex/amsmath/amsmath.sty
Package: amsmath 2013/01/14 v2.14 AMS math features
\@mathmargin=\skip48

For additional information on amsmath, use the `?' option.
(/usr/share/texlive/texmf-dist/tex/latex/amsmath/amstext.sty
Package: amstext 2000/06/29 v2.01

(/usr/share/texlive/texmf-dist/tex/latex/amsmath/amsgen.sty
File: amsgen.sty 1999/11/30 v2.0
\@emptytoks=\toks21
\ex@=\dimen122
))
(/usr/share/texlive/texmf-dist/tex/latex/amsmath/amsbsy.sty
Package: amsbsy 1999/11/29 v1.2d
\pmbraise@=\dimen123
)
(/usr/share/texlive/texmf-dist/tex/latex/amsmath/amsopn.sty
Package: amsopn 1999/12/14 v2.01 operator names
)
\inf@bad=\count117
LaTeX Info: Redefining \frac on input line 210.
\uproot@=\count118
\leftroot@=\count119
LaTeX Info: Redefining \overline on input line 306.
\classnum@=\count120
\DOTSCASE@=\count121
LaTeX Info: Redefining \ldots on input line 378.
LaTeX Info: Redefining \dots on input line 381.
LaTeX Info: Redefining \cdots on input line 466.
\Mathstrutbox@=\box34
\strutbox@=\box35
\big@size=\dimen124
LaTeX Font Info:    Redeclaring font encoding OML on input line 566.
LaTeX Font Info:    Redeclaring font encoding OMS on input line 567.
\macc@depth=\count122
\c@MaxMatrixCols=\count123
\dotsspace@=\muskip11
\c@parentequation=\count124
\dspbrk@lvl=\count125
\tag@help=\toks22
\row@=\count126
\column@=\count127
\maxfields@=\count128
\andhelp@=\toks23
\eqnshift@=\dimen125
\alignsep@=\dimen126
\tagshift@=\dimen127
\tagwidth@=\dimen128
\totwidth@=\dimen129
\lineht@=\dimen130
\@envbody=\toks24
\multlinegap=\skip49
\multlinetaggap=\skip50
\mathdisplay@stack=\toks25
LaTeX Info: Redefining \[ on input line 2665.
LaTeX Info: Redefining \] on input line 2666.
)
(/usr/share/texlive/texmf-dist/tex/latex/graphics/color.sty
Package: color 2005/11/14 v1.0j Standard LaTeX Color (DPC)

(/usr/share/texlive/texmf-dist/tex/latex/latexconfig/color.cfg
File: color.cfg 2007/01/18 v1.5 color configuration of teTeX/TeXLive
)
Package color Info: Driver file: pdftex.def on input line 130.
)
(/home/terence/texmf/tex/latex/algorithm2e/algorithm2e.sty
Package: algorithm2e 2013/01/06 v5.00 algorithms environments
\c@AlgoLine=\count129

(/usr/share/texlive/texmf-dist/tex/latex/base/ifthen.sty
Package: ifthen 2001/05/26 v1.1c Standard LaTeX ifthen package (DPC)
)
(/usr/share/texlive/texmf-dist/tex/latex/tools/xspace.sty
Package: xspace 2009/10/20 v1.13 Space after command names (DPC,MH)
)
(/usr/share/texlive/texmf-dist/tex/latex/relsize/relsize.sty
Package: relsize 2013/03/29 ver 4.1
)
********************************************************
Package `algorithm2e' Release 5.0 -- january 06 2013 --
- algorithm2e-announce@lirmm.fr mailing list for announcement about releases
- algorithm2e-discussion@lirmm.fr mailing list for discussion about package
subscribe by emailing sympa@lirmm.fr with 'subscribe <list> <firstname name>'
- Author: Christophe Fiorio (cfiorio@um2.fr)
********************************************************
\skiptotal=\skip51
\skiplinenumber=\skip52
\skiprule=\skip53
\skiphlne=\skip54
\skiptext=\skip55
\skiplength=\skip56
\algomargin=\skip57
\skipalgocfslide=\skip58
\algowidth=\dimen131
\inoutsize=\dimen132
\inoutindent=\dimen133
\interspacetitleruled=\dimen134
\interspacealgoruled=\dimen135
\interspacetitleboxruled=\dimen136
\algocf@inoutbox=\box36
\algocf@inputbox=\box37
\AlCapSkip=\skip59
\AlCapHSkip=\skip60
\algoskipindent=\skip61
\algocf@nlbox=\box38
\algocf@hangingbox=\box39
\algocf@untilbox=\box40
\algocf@skipuntil=\skip62
\algocf@capbox=\box41
\algoheightruledefault=\skip63
\algoheightrule=\skip64
\algotitleheightruledefault=\skip65
\algotitleheightrule=\skip66
\c@algocfline=\count130
\c@algocfproc=\count131
\c@algocf=\count132
\algocf@algoframe=\box42
\algocf@algobox=\box43
) (/usr/share/texlive/texmf-dist/tex/latex/oberdiek/pdflscape.sty
Package: pdflscape 2008/08/11 v0.10 Display of landscape pages in PDF (HO)

(/usr/share/texlive/texmf-dist/tex/latex/graphics/lscape.sty
Package: lscape 2000/10/22 v3.01 Landscape Pages (DPC)
)
Package pdflscape Info: Auto-detected driver: pdftex on input line 80.
)
(/usr/share/texlive/texmf-dist/tex/latex/geometry/geometry.sty
Package: geometry 2010/09/12 v5.6 Page Geometry
\Gm@cnth=\count133
\Gm@cntv=\count134
\c@Gm@tempcnt=\count135
\Gm@bindingoffset=\dimen137
\Gm@wd@mp=\dimen138
\Gm@odd@mp=\dimen139
\Gm@even@mp=\dimen140
\Gm@layoutwidth=\dimen141
\Gm@layoutheight=\dimen142
\Gm@layouthoffset=\dimen143
\Gm@layoutvoffset=\dimen144
\Gm@dimlist=\toks26
)
(/usr/share/texlive/texmf-dist/tex/latex/listings/lstlang1.sty
File: lstlang1.sty 2013/08/26 1.5b listings language file
)
(/usr/share/texlive/texmf-dist/tex/latex/listings/lstlang1.sty
File: lstlang1.sty 2013/08/26 1.5b listings language file
)
(/usr/share/texlive/texmf-dist/tex/latex/listings/lstmisc.sty
File: lstmisc.sty 2013/08/26 1.5b (Carsten Heinz)
) (./report.aux)
\openout1 = `report.aux'.

LaTeX Font Info:    Checking defaults for OML/cmm/m/it on input line 34.
LaTeX Font Info:    ... okay on input line 34.
LaTeX Font Info:    Checking defaults for T1/cmr/m/n on input line 34.
LaTeX Font Info:    ... okay on input line 34.
LaTeX Font Info:    Checking defaults for OT1/cmr/m/n on input line 34.
LaTeX Font Info:    ... okay on input line 34.
LaTeX Font Info:    Checking defaults for OMS/cmsy/m/n on input line 34.
LaTeX Font Info:    ... okay on input line 34.
LaTeX Font Info:    Checking defaults for OMX/cmex/m/n on input line 34.
LaTeX Font Info:    ... okay on input line 34.
LaTeX Font Info:    Checking defaults for U/cmr/m/n on input line 34.
LaTeX Font Info:    ... okay on input line 34.
LaTeX Font Info:    Checking defaults for PD1/pdf/m/n on input line 34.
LaTeX Font Info:    ... okay on input line 34.
Package lastpage Info: Please have a look at the pageslts package at
(lastpage)             http://www.ctan.org/tex-archive/ 
(lastpage)             macros/latex/contrib/pageslts/ 
(lastpage)             or
(lastpage)             http://www.ctan.org/tex-archive/ 
(lastpage)             install/macros/latex/contrib/pageslts.tds.zip
(lastpage)             ! on input line 34.

(/usr/share/texlive/texmf-dist/tex/context/base/supp-pdf.mkii
[Loading MPS to PDF converter (version 2006.09.02).]
\scratchcounter=\count136
\scratchdimen=\dimen145
\scratchbox=\box44
\nofMPsegments=\count137
\nofMParguments=\count138
\everyMPshowfont=\toks27
\MPscratchCnt=\count139
\MPscratchDim=\dimen146
\MPnumerator=\count140
\makeMPintoPDFobject=\count141
\everyMPtoPDFconversion=\toks28
) (/usr/share/texlive/texmf-dist/tex/latex/oberdiek/epstopdf-base.sty
Package: epstopdf-base 2010/02/09 v2.5 Base part for package epstopdf

(/usr/share/texlive/texmf-dist/tex/latex/oberdiek/grfext.sty
Package: grfext 2010/08/19 v1.1 Manage graphics extensions (HO)
)
Package grfext Info: Graphics extension search list:
(grfext)             [.png,.pdf,.jpg,.mps,.jpeg,.jbig2,.jb2,.PNG,.PDF,.JPG,.JPE
G,.JBIG2,.JB2,.eps]
(grfext)             \AppendGraphicsExtensions on input line 452.

(/usr/share/texlive/texmf-dist/tex/latex/latexconfig/epstopdf-sys.cfg
File: epstopdf-sys.cfg 2010/07/13 v1.3 Configuration of (r)epstopdf for TeX Liv
e
))
\AtBeginShipoutBox=\box45
Package hyperref Info: Link coloring OFF on input line 34.

(/usr/share/texlive/texmf-dist/tex/latex/hyperref/nameref.sty
Package: nameref 2012/10/27 v2.43 Cross-referencing by name of section

(/usr/share/texlive/texmf-dist/tex/generic/oberdiek/gettitlestring.sty
Package: gettitlestring 2010/12/03 v1.4 Cleanup title references (HO)
)
\c@section@level=\count142
)
LaTeX Info: Redefining \ref on input line 34.
LaTeX Info: Redefining \pageref on input line 34.
LaTeX Info: Redefining \nameref on input line 34.

(./report.out) (./report.out)
\@outlinefile=\write3
\openout3 = `report.out'.

Package caption Info: Begin \AtBeginDocument code.
Package caption Info: listings package is loaded.
Package caption Info: End \AtBeginDocument code.
\c@lstlisting=\count143

*geometry* driver: auto-detecting
*geometry* detected driver: pdftex
*geometry* verbose mode - [ preamble ] result:
* driver: pdftex
* paper: <default>
* layout: <same size as paper>
* layoutoffset:(h,v)=(0.0pt,0.0pt)
* modes: 
* h-part:(L,W,R)=(90.3375pt, 433.62pt, 90.33751pt)
* v-part:(T,H,B)=(86.724pt, 578.15999pt, 130.086pt)
* \paperwidth=614.295pt
* \paperheight=794.96999pt
* \textwidth=433.62pt
* \textheight=578.15999pt
* \oddsidemargin=18.0675pt
* \evensidemargin=18.0675pt
* \topmargin=-22.54599pt
* \headheight=12.0pt
* \headsep=25.0pt
* \topskip=11.0pt
* \footskip=30.0pt
* \marginparwidth=59.0pt
* \marginparsep=10.0pt
* \columnsep=10.0pt
* \skip\footins=10.0pt plus 4.0pt minus 2.0pt
* \hoffset=0.0pt
* \voffset=0.0pt
* \mag=1000
* \@twocolumnfalse
* \@twosidefalse
* \@mparswitchfalse
* \@reversemarginfalse
* (1in=72.27pt=25.4mm, 1cm=28.453pt)

[1

{/var/lib/texmf/fonts/map/pdftex/updmap/pdftex.map}] [2]
LaTeX Font Info:    Try loading font information for OMS+cmr on input line 89.

(/usr/share/texlive/texmf-dist/tex/latex/base/omscmr.fd
File: omscmr.fd 1999/05/25 v2.5h Standard LaTeX font definitions
)
LaTeX Font Info:    Font shape `OMS/cmr/m/n' in size <10.95> not available
(Font)              Font shape `OMS/cmsy/m/n' tried instead on input line 89.
 [3] (./report.toc
[4] [5])
\tf@toc=\write4
\openout4 = `report.toc'.

 [6]
Underfull \hbox (badness 10000) in paragraph at lines 122--184

 []


Underfull \hbox (badness 10000) in paragraph at lines 122--184

 []


Underfull \hbox (badness 10000) in paragraph at lines 122--184

 []


Underfull \hbox (badness 10000) in paragraph at lines 122--184

 []

[7]
Underfull \hbox (badness 10000) in paragraph at lines 191--236

 []


Underfull \hbox (badness 10000) in paragraph at lines 191--236

 []


Underfull \hbox (badness 10000) in paragraph at lines 191--236

 []

[8]
Underfull \hbox (badness 10000) in paragraph at lines 238--254

 []

[9]
Underfull \hbox (badness 10000) in paragraph at lines 271--294

 []


Underfull \hbox (badness 10000) in paragraph at lines 271--294

 []


Underfull \hbox (badness 10000) in paragraph at lines 271--294

 []


Underfull \hbox (badness 10000) in paragraph at lines 271--294

 []

[10]
Underfull \hbox (badness 10000) in paragraph at lines 303--312

 []


Underfull \hbox (badness 10000) in paragraph at lines 331--355

 []

[11]
Underfull \hbox (badness 10000) in paragraph at lines 366--404

 []


Underfull \hbox (badness 10000) in paragraph at lines 366--404

 []


Underfull \hbox (badness 10000) in paragraph at lines 366--404

 []

[12]
Underfull \hbox (badness 10000) in paragraph at lines 406--422

 []


Underfull \hbox (badness 10000) in paragraph at lines 406--422

 []


Underfull \hbox (badness 10000) in paragraph at lines 430--438

 []

[13] <pics/fiducial.png, id=622, 201.75375pt x 201.75375pt>
File: pics/fiducial.png Graphic file (type png)

<use pics/fiducial.png>
Package pdftex.def Info: pics/fiducial.png used on input line 441.
(pdftex.def)             Requested size: 161.40321pt x 161.40321pt.

<pics/fiducialexample.jpg, id=623, 271.7352pt x 186.6975pt>
File: pics/fiducialexample.jpg Graphic file (type jpg)

<use pics/fiducialexample.jpg>
Package pdftex.def Info: pics/fiducialexample.jpg used on input line 448.
(pdftex.def)             Requested size: 244.5594pt x 168.02618pt.
 [14 <./pics/fiducial.png> <./pics/fiducialexample.jpg>]
Underfull \hbox (badness 10000) in paragraph at lines 467--520

 []


Underfull \hbox (badness 10000) in paragraph at lines 467--520

 []


Underfull \hbox (badness 10000) in paragraph at lines 467--520

 []


Underfull \hbox (badness 10000) in paragraph at lines 467--520

 []

[15]
Underfull \hbox (badness 10000) in paragraph at lines 522--527

 []

<pics/ARpipeline.png, id=636, 938.50626pt x 176.66pt>
File: pics/ARpipeline.png Graphic file (type png)

<use pics/ARpipeline.png>
Package pdftex.def Info: pics/ARpipeline.png used on input line 529.
(pdftex.def)             Requested size: 469.25198pt x 88.32977pt.

Overfull \hbox (35.63199pt too wide) in paragraph at lines 529--530
[][] 
 []


Underfull \hbox (badness 10000) in paragraph at lines 542--566

 []


Underfull \hbox (badness 10000) in paragraph at lines 542--566

 []

[16 <./pics/ARpipeline.png>]
Underfull \hbox (badness 10000) in paragraph at lines 568--585

 []


Underfull \hbox (badness 10000) in paragraph at lines 587--605

 []

[17] <pics/pixels.png, id=650, 394.47375pt x 112.42pt>
File: pics/pixels.png Graphic file (type png)
 <use pics/pixels.png>
Package pdftex.def Info: pics/pixels.png used on input line 608.
(pdftex.def)             Requested size: 355.02309pt x 101.17706pt.

Underfull \hbox (badness 10000) in paragraph at lines 614--635

 []


Underfull \hbox (badness 10000) in paragraph at lines 614--635

 []


Underfull \hbox (badness 10000) in paragraph at lines 614--635

 []

<pics/gaussiankernel.jpg, id=654, 468.75125pt x 437.635pt>
File: pics/gaussiankernel.jpg Graphic file (type jpg)

<use pics/gaussiankernel.jpg>
Package pdftex.def Info: pics/gaussiankernel.jpg used on input line 638.
(pdftex.def)             Requested size: 140.62645pt x 131.2915pt.

Underfull \hbox (badness 10000) in paragraph at lines 675--694

 []


Underfull \hbox (badness 10000) in paragraph at lines 675--694

 []

[18 <./pics/pixels.png>] [19 <./pics/gaussiankernel.jpg>]
Underfull \hbox (badness 10000) in paragraph at lines 703--715

 []

[20]
Underfull \hbox (badness 10000) in paragraph at lines 775--803

 []


Underfull \hbox (badness 10000) in paragraph at lines 775--803

 []

[21] <pics/moravec1.png, id=696, 85.31876pt x 85.31876pt>
File: pics/moravec1.png Graphic file (type png)

<use pics/moravec1.png>
Package pdftex.def Info: pics/moravec1.png used on input line 817.
(pdftex.def)             Requested size: 85.31853pt x 85.31853pt.
 <pics/moravec2.png, id=697, 85.31876pt x 85.31876pt>
File: pics/moravec2.png Graphic file (type png)

<use pics/moravec2.png>
Package pdftex.def Info: pics/moravec2.png used on input line 824.
(pdftex.def)             Requested size: 85.31853pt x 85.31853pt.
 <pics/moravec3.png, id=698, 85.31876pt x 85.31876pt>
File: pics/moravec3.png Graphic file (type png)

<use pics/moravec3.png>
Package pdftex.def Info: pics/moravec3.png used on input line 831.
(pdftex.def)             Requested size: 85.31853pt x 85.31853pt.


LaTeX Warning: `h' float specifier changed to `ht'.

<pics/moravec.png, id=699, 298.11375pt x 298.11375pt>
File: pics/moravec.png Graphic file (type png)
 <use pics/moravec.png>
Package pdftex.def Info: pics/moravec.png used on input line 841.
(pdftex.def)             Requested size: 178.86963pt x 178.86963pt.


LaTeX Warning: `h' float specifier changed to `ht'.

[22]
Underfull \hbox (badness 10000) in paragraph at lines 859--866

 []

[23 <./pics/moravec1.png (PNG copy)> <./pics/moravec2.png (PNG copy)> <./pics/m
oravec3.png (PNG copy)> <./pics/moravec.png>]
Underfull \hbox (badness 10000) in paragraph at lines 881--914

 []


Underfull \hbox (badness 10000) in paragraph at lines 881--914

 []


Underfull \hbox (badness 10000) in paragraph at lines 881--914

 []


Underfull \hbox (badness 10000) in paragraph at lines 881--914

 []


Underfull \hbox (badness 10000) in paragraph at lines 919--936

 []

[24]
Underfull \hbox (badness 10000) in paragraph at lines 938--988

 []


Underfull \hbox (badness 10000) in paragraph at lines 938--988

 []


Underfull \hbox (badness 10000) in paragraph at lines 938--988

 []

[25] <pics/OSmap.png, id=733, 607.26875pt x 418.56375pt>
File: pics/OSmap.png Graphic file (type png)
 <use pics/OSmap.png>
Package pdftex.def Info: pics/OSmap.png used on input line 999.
(pdftex.def)             Requested size: 425.08524pt x 292.99261pt.

Underfull \hbox (badness 10000) in paragraph at lines 1004--1026

 []

[26 <./pics/OSmap.png>]
Underfull \hbox (badness 10000) in paragraph at lines 1028--1039

 []

[27]
Underfull \hbox (badness 10000) in paragraph at lines 1061--1094

 []


Underfull \hbox (badness 10000) in paragraph at lines 1061--1094

 []


Underfull \hbox (badness 10000) in paragraph at lines 1061--1094

 []

<pics/landscapeARNoPaper.png, id=750, 758.835pt x 426.59375pt>
File: pics/landscapeARNoPaper.png Graphic file (type png)

<use pics/landscapeARNoPaper.png>
Package pdftex.def Info: pics/landscapeARNoPaper.png used on input line 1099.
(pdftex.def)             Requested size: 227.65225pt x 127.97911pt.

Overfull \hbox (54.20691pt too wide) in paragraph at lines 1099--1100
 [][] 
 []

<pics/landscapeARNoPaper2.png, id=751, 758.835pt x 426.59375pt>
File: pics/landscapeARNoPaper2.png Graphic file (type png)

<use pics/landscapeARNoPaper2.png>
Package pdftex.def Info: pics/landscapeARNoPaper2.png used on input line 1106.
(pdftex.def)             Requested size: 227.65225pt x 127.97911pt.

Overfull \hbox (54.20691pt too wide) in paragraph at lines 1106--1107
 [][] 
 []

<pics/landscapeARTooFar.png, id=752, 758.835pt x 426.59375pt>
File: pics/landscapeARTooFar.png Graphic file (type png)

<use pics/landscapeARTooFar.png>
Package pdftex.def Info: pics/landscapeARTooFar.png used on input line 1114.
(pdftex.def)             Requested size: 227.65225pt x 127.97911pt.

Overfull \hbox (54.20691pt too wide) in paragraph at lines 1114--1115
 [][] 
 []

<pics/landscapeARtopdown.png, id=753, 758.835pt x 426.59375pt>
File: pics/landscapeARtopdown.png Graphic file (type png)

<use pics/landscapeARtopdown.png>
Package pdftex.def Info: pics/landscapeARtopdown.png used on input line 1122.
(pdftex.def)             Requested size: 227.65225pt x 127.97911pt.

Overfull \hbox (54.20691pt too wide) in paragraph at lines 1122--1123
 [][] 
 []

<pics/landscapeARangled.png, id=754, 758.835pt x 426.59375pt>
File: pics/landscapeARangled.png Graphic file (type png)

<use pics/landscapeARangled.png>
Package pdftex.def Info: pics/landscapeARangled.png used on input line 1129.
(pdftex.def)             Requested size: 227.65225pt x 127.97911pt.

Overfull \hbox (54.20691pt too wide) in paragraph at lines 1129--1130
 [][] 
 []

[28] [29 <./pics/landscapeARNoPaper.png (PNG copy)> <./pics/landscapeARNoPaper2
.png (PNG copy)> <./pics/landscapeARTooFar.png (PNG copy)> <./pics/landscapeARt
opdown.png> <./pics/landscapeARangled.png>]
Underfull \hbox (badness 10000) in paragraph at lines 1148--1172

 []


Underfull \hbox (badness 10000) in paragraph at lines 1148--1172

 []

<pics/sandbox.jpg, id=769, 426.59375pt x 284.06125pt>
File: pics/sandbox.jpg Graphic file (type jpg)
 <use pics/sandbox.jpg>
Package pdftex.def Info: pics/sandbox.jpg used on input line 1175.
(pdftex.def)             Requested size: 341.27545pt x 227.24928pt.


LaTeX Warning: `!h' float specifier changed to `!ht'.


Underfull \hbox (badness 10000) in paragraph at lines 1193--1215

 []


Underfull \hbox (badness 10000) in paragraph at lines 1193--1215

 []

[30] [31 <./pics/sandbox.jpg>]
<pics/kinectinternal.jpg, id=782, 553.06625pt x 278.03876pt>
File: pics/kinectinternal.jpg Graphic file (type jpg)

<use pics/kinectinternal.jpg>
Package pdftex.def Info: pics/kinectinternal.jpg used on input line 1225.
(pdftex.def)             Requested size: 276.53244pt x 139.01903pt.

Underfull \hbox (badness 10000) in paragraph at lines 1232--1251

 []


Underfull \hbox (badness 10000) in paragraph at lines 1232--1251

 []


Underfull \hbox (badness 10000) in paragraph at lines 1232--1251

 []

[32 <./pics/kinectinternal.jpg>]
<pics/KinectDepth.png, id=790, 366.61969pt x 483.30562pt>
File: pics/KinectDepth.png Graphic file (type png)

<use pics/KinectDepth.png>
Package pdftex.def Info: pics/KinectDepth.png used on input line 1267.
(pdftex.def)             Requested size: 183.30939pt x 241.65222pt.

<pics/KinectColor.png, id=792, 421.575pt x 309.40594pt>
File: pics/KinectColor.png Graphic file (type png)

<use pics/KinectColor.png>
Package pdftex.def Info: pics/KinectColor.png used on input line 1284.
(pdftex.def)             Requested size: 210.78697pt x 154.70259pt.
 [33 <./pics/KinectDepth.png (PNG copy)>]
Missing character: There is no ¬ in font cmr10!
Missing character: There is no £ in font cmr10!
Missing character: There is no ¬ in font cmr10!
Missing character: There is no £ in font cmr10!

Underfull \hbox (badness 10000) in paragraph at lines 1291--1299

 []


Underfull \hbox (badness 10000) in paragraph at lines 1291--1299

 []


Underfull \hbox (badness 10000) in paragraph at lines 1300--1314

 []

[34 <./pics/KinectColor.png (PNG copy)>]
Underfull \hbox (badness 10000) in paragraph at lines 1355--1378

 []


Underfull \hbox (badness 10000) in paragraph at lines 1355--1378

 []


Underfull \hbox (badness 10000) in paragraph at lines 1355--1378

 []

[35]
Underfull \hbox (badness 10000) in paragraph at lines 1395--1420

 []


Underfull \hbox (badness 10000) in paragraph at lines 1395--1420

 []


Underfull \hbox (badness 10000) in paragraph at lines 1395--1420

 []

[36]
Underfull \hbox (badness 10000) in paragraph at lines 1422--1430

 []


Underfull \hbox (badness 10000) in paragraph at lines 1434--1452

 []

[37]
Underfull \hbox (badness 10000) in paragraph at lines 1472--1480

 []

<pics/closedloop1.png, id=830, 401.5pt x 401.5pt>
File: pics/closedloop1.png Graphic file (type png)
 <use pics/closedloop1.png>
Package pdftex.def Info: pics/closedloop1.png used on input line 1485.
(pdftex.def)             Requested size: 120.45091pt x 120.45091pt.

<pics/closedloop2.png, id=831, 401.5pt x 401.5pt>
File: pics/closedloop2.png Graphic file (type png)
 <use pics/closedloop2.png>
Package pdftex.def Info: pics/closedloop2.png used on input line 1491.
(pdftex.def)             Requested size: 120.45091pt x 120.45091pt.

Underfull \hbox (badness 1354) in paragraph at lines 1492--1492
[]\OT1/cmr/m/n/10 (b) |Con-tour is closed, but
 []

<pics/closedloop3.png, id=832, 401.5pt x 401.5pt>
File: pics/closedloop3.png Graphic file (type png)
 <use pics/closedloop3.png>
Package pdftex.def Info: pics/closedloop3.png used on input line 1497.
(pdftex.def)             Requested size: 120.45091pt x 120.45091pt.

<pics/openloop1.png, id=833, 401.5pt x 401.5pt>
File: pics/openloop1.png Graphic file (type png)
 <use pics/openloop1.png>
Package pdftex.def Info: pics/openloop1.png used on input line 1508.
(pdftex.def)             Requested size: 120.45091pt x 120.45091pt.

<pics/openloop2.png, id=834, 401.5pt x 401.5pt>
File: pics/openloop2.png Graphic file (type png)
 <use pics/openloop2.png>
Package pdftex.def Info: pics/openloop2.png used on input line 1514.
(pdftex.def)             Requested size: 120.45091pt x 120.45091pt.

<pics/openloop3.png, id=835, 401.5pt x 401.5pt>
File: pics/openloop3.png Graphic file (type png)
 <use pics/openloop3.png>
Package pdftex.def Info: pics/openloop3.png used on input line 1520.
(pdftex.def)             Requested size: 120.45091pt x 120.45091pt.

[38 <./pics/closedloop1.png (PNG copy)> <./pics/closedloop2.png> <./pics/closed
loop3.png>] [39 <./pics/openloop1.png> <./pics/openloop2.png> <./pics/openloop3
.png>]

Package caption Warning: \label without proper \caption on input line 1616.
See the caption package documentation for explanation.


LaTeX Warning: Reference `fig:ErosionExample' on page 40 undefined on input lin
e 1590.


Package caption Warning: \label without proper \caption on input line 1616.
See the caption package documentation for explanation.


LaTeX Warning: Reference `fig:ErosionExample' on page 40 undefined on input lin
e 1596.


Underfull \hbox (badness 10000) in paragraph at lines 1581--1602

 []


Underfull \hbox (badness 10000) in paragraph at lines 1581--1602

 []

<pics/morphologyexample.png, id=854, 501.875pt x 422.57875pt>
File: pics/morphologyexample.png Graphic file (type png)

<use pics/morphologyexample.png>
Package pdftex.def Info: pics/morphologyexample.png used on input line 1607.
(pdftex.def)             Requested size: 200.74643pt x 169.0285pt.

Overfull \hbox (5.61876pt too wide) in paragraph at lines 1607--1608
 [][] 
 []

<pics/morphologyexample_e.png, id=855, 501.875pt x 425.59pt>
File: pics/morphologyexample_e.png Graphic file (type png)

<use pics/morphologyexample_e.png>
Package pdftex.def Info: pics/morphologyexample_e.png used on input line 1613.
(pdftex.def)             Requested size: 200.74643pt x 170.23297pt.

Overfull \hbox (5.61876pt too wide) in paragraph at lines 1613--1614
 [][] 
 []

[40]
File: pics/morphologyexample.png Graphic file (type png)
 <use pics/morphologyexample.png>
Package pdftex.def Info: pics/morphologyexample.png used on input line 1647.
(pdftex.def)             Requested size: 200.74643pt x 169.0285pt.

Overfull \hbox (5.61876pt too wide) in paragraph at lines 1647--1648
 [][] 
 []

<pics/morphologyexample_d.png, id=862, 501.875pt x 423.5825pt>
File: pics/morphologyexample_d.png Graphic file (type png)

<use pics/morphologyexample_d.png>
Package pdftex.def Info: pics/morphologyexample_d.png used on input line 1653.
(pdftex.def)             Requested size: 200.74643pt x 169.43pt.

Overfull \hbox (5.61876pt too wide) in paragraph at lines 1653--1654
 [][] 
 []

[41 <./pics/morphologyexample.png (PNG copy)> <./pics/morphologyexample_e.png (
PNG copy)>]

LaTeX Warning: Reference `fig:dilationstage' on page 42 undefined on input line
 1675.


LaTeX Warning: Reference `fig:dilationstage' on page 42 undefined on input line
 1688.


LaTeX Warning: Reference `fig:erosionstage' on page 42 undefined on input line 
1690.


Underfull \hbox (badness 10000) in paragraph at lines 1666--1695

 []

[42 <./pics/morphologyexample_d.png (PNG copy)>]
<pics/closing_o.png, id=874, 501.875pt x 418.56375pt>
File: pics/closing_o.png Graphic file (type png)
 <use pics/closing_o.png>
Package pdftex.def Info: pics/closing_o.png used on input line 1700.
(pdftex.def)             Requested size: 135.50806pt x 113.01372pt.

<pics/closing_d.png, id=875, 501.875pt x 430.60875pt>
File: pics/closing_d.png Graphic file (type png)
 <use pics/closing_d.png>
Package pdftex.def Info: pics/closing_d.png used on input line 1706.
(pdftex.def)             Requested size: 135.50806pt x 116.2659pt.

<pics/closing_e.png, id=876, 501.875pt x 423.5825pt>
File: pics/closing_e.png Graphic file (type png)
 <use pics/closing_e.png>
Package pdftex.def Info: pics/closing_e.png used on input line 1713.
(pdftex.def)             Requested size: 135.50806pt x 114.3688pt.

Underfull \hbox (badness 10000) in paragraph at lines 1753--1784

 []


Underfull \hbox (badness 10000) in paragraph at lines 1753--1784

 []

[43 <./pics/closing_o.png (PNG copy)> <./pics/closing_d.png (PNG copy)> <./pics
/closing_e.png (PNG copy)>]
Underfull \hbox (badness 10000) in paragraph at lines 1794--1830

 []


Underfull \hbox (badness 10000) in paragraph at lines 1794--1830

 []

[44]
Underfull \hbox (badness 10000) in paragraph at lines 1844--1859

 []

[45] <pics/distortions.png, id=905, 518.93875pt x 196.735pt>
File: pics/distortions.png Graphic file (type png)

<use pics/distortions.png>
Package pdftex.def Info: pics/distortions.png used on input line 1904.
(pdftex.def)             Requested size: 415.15157pt x 157.38818pt.
 [46]
Underfull \hbox (badness 10000) in paragraph at lines 1909--1924

 []

[47 <./pics/distortions.png>]
Missing character: There is no ¬ in font cmr10!
Missing character: There is no £ in font cmr10!

Underfull \hbox (badness 10000) in paragraph at lines 1951--1976

 []

<pics/camera.jpg, id=918, 478.78876pt x 284.06125pt>
File: pics/camera.jpg Graphic file (type jpg)
 <use pics/camera.jpg>
Package pdftex.def Info: pics/camera.jpg used on input line 1979.
(pdftex.def)             Requested size: 287.27547pt x 170.43805pt.

[48]
Overfull \hbox (20.52634pt too wide) in paragraph at lines 1992--1992
[]\OT1/cmtt/m/n/10.95 ./cpp-example-calibration 0 -w 6 -h 4 -s 0.025 -o ../cam\
_0\_params.yml -op -oe[] 
 []

<pics/calibration.jpg, id=925, 539.01375pt x 530.98375pt>
File: pics/calibration.jpg Graphic file (type jpg)

<use pics/calibration.jpg>
Package pdftex.def Info: pics/calibration.jpg used on input line 2006.
(pdftex.def)             Requested size: 269.50621pt x 265.49121pt.
 [49 <./pics/camera.jpg>]
Missing character: There is no ‚ in font cmr10!
Missing character: There is no Ä in font cmr10!
Missing character: There is no ú in font cmr10!
Missing character: There is no ‚ in font cmr10!
Missing character: There is no Ä in font cmr10!
Missing character: There is no ù in font cmr10!
 [50 <./pics/calibration.jpg>]
Underfull \hbox (badness 10000) in paragraph at lines 2041--2070

 []


Underfull \hbox (badness 10000) in paragraph at lines 2041--2070

 []


Underfull \hbox (badness 10000) in paragraph at lines 2072--2104

 []


Underfull \hbox (badness 10000) in paragraph at lines 2072--2104

 []


Underfull \hbox (badness 10000) in paragraph at lines 2072--2104

 []

[51]
Underfull \hbox (badness 10000) in paragraph at lines 2106--2133

 []


Underfull \hbox (badness 10000) in paragraph at lines 2106--2133

 []

[52]
Underfull \hbox (badness 10000) in paragraph at lines 2142--2162

 []


Underfull \hbox (badness 10000) in paragraph at lines 2142--2162

 []

<pics/normal.jpg, id=950, 758.835pt x 426.59375pt>
File: pics/normal.jpg Graphic file (type jpg)
 <use pics/normal.jpg>
Package pdftex.def Info: pics/normal.jpg used on input line 2167.
(pdftex.def)             Requested size: 227.65225pt x 127.97911pt.

Overfull \hbox (54.20691pt too wide) in paragraph at lines 2167--2168
 [][] 
 []

<pics/height.jpg, id=951, 758.835pt x 426.59375pt>
File: pics/height.jpg Graphic file (type jpg)
 <use pics/height.jpg>
Package pdftex.def Info: pics/height.jpg used on input line 2174.
(pdftex.def)             Requested size: 227.65225pt x 127.97911pt.

Overfull \hbox (54.20691pt too wide) in paragraph at lines 2174--2175
 [][] 
 []

<pics/thicklines.jpg, id=952, 758.835pt x 426.59375pt>
File: pics/thicklines.jpg Graphic file (type jpg)

<use pics/thicklines.jpg>
Package pdftex.def Info: pics/thicklines.jpg used on input line 2181.
(pdftex.def)             Requested size: 227.65225pt x 127.97911pt.

Overfull \hbox (54.20691pt too wide) in paragraph at lines 2181--2182
 [][] 
 []


Underfull \hbox (badness 2951) in paragraph at lines 2182--2182
[]\OT1/cmr/m/n/10 (c) |Shapes and con-tours drawn in
 []

<pics/shitlines.jpg, id=953, 758.835pt x 426.59375pt>
File: pics/shitlines.jpg Graphic file (type jpg)
 <use pics/shitlines.jpg>
Package pdftex.def Info: pics/shitlines.jpg used on input line 2188.
(pdftex.def)             Requested size: 227.65225pt x 127.97911pt.

Overfull \hbox (54.20691pt too wide) in paragraph at lines 2188--2189
 [][] 
 []

<pics/simple.jpg, id=954, 758.835pt x 426.59375pt>
File: pics/simple.jpg Graphic file (type jpg)
 <use pics/simple.jpg>
Package pdftex.def Info: pics/simple.jpg used on input line 2196.
(pdftex.def)             Requested size: 227.65225pt x 127.97911pt.

Overfull \hbox (54.20691pt too wide) in paragraph at lines 2196--2197
 [][] 
 []

[53]
Underfull \hbox (badness 10000) in paragraph at lines 2204--2256

 []


Underfull \hbox (badness 10000) in paragraph at lines 2204--2256

 []


Underfull \hbox (badness 10000) in paragraph at lines 2204--2256

 []


Underfull \hbox (badness 10000) in paragraph at lines 2204--2256

 []


Underfull \hbox (badness 10000) in paragraph at lines 2204--2256

 []

[54 <./pics/normal.jpg> <./pics/height.jpg> <./pics/thicklines.jpg> <./pics/shi
tlines.jpg> <./pics/simple.jpg>] [55]
Underfull \hbox (badness 10000) in paragraph at lines 2258--2270

 []


Overfull \hbox (8.50609pt too wide) in paragraph at lines 2258--2270
\OT1/cmr/m/n/10.95 The Canny func-tion re-turns an im-age of con-tours. The im-
age is passed to the \OT1/cmtt/m/n/10.95 findContours()
 []

Missing character: There is no ¬ in font cmtt10!
Missing character: There is no ∂ in font cmtt10!
[56] [57] <pics/perfectsimple.png, id=1017, 768.8725pt x 516.93124pt>
File: pics/perfectsimple.png Graphic file (type png)

<use pics/perfectsimple.png>
Package pdftex.def Info: pics/perfectsimple.png used on input line 2355.
(pdftex.def)             Requested size: 307.54355pt x 206.76883pt.

Overfull \hbox (21.68091pt too wide) in paragraph at lines 2374--2375
[][][][][][][][][][][][][][][][][][][][][][][][][][][][][][][][][][][][][][][][
][][][][][][][][][][][][][][][][][][][][][][][][][][][][] 
 []


Overfull \hbox (21.68091pt too wide) in paragraph at lines 2381--2382
[][][][][][][][][][][][][][][][][][][][][][][][][][][][][][][][][][][][][][][][
][][][][][][] 
 []

[58 <./pics/perfectsimple.png>]

LaTeX Warning: Reference `sec:3dgen' on page 59 undefined on input line 2388.


Underfull \hbox (badness 10000) in paragraph at lines 2391--2409

 []


Overfull \hbox (0.98541pt too wide) in paragraph at lines 2411--2412
[][][][][][][][][][][][][][][][][][][][][][][][][][][] 
 []


Overfull \hbox (0.98541pt too wide) in paragraph at lines 2412--2413
[][][][][][][][][][][][][][] 
 []


Overfull \hbox (0.98541pt too wide) in paragraph at lines 2414--2415
[][][][][][][][][][][][][][][][][][][] 
 []


Overfull \hbox (21.68091pt too wide) in paragraph at lines 2415--2417
[][][][][][][][][][][][][][][][][][][][][][][][][] 
 []

[59]
Underfull \hbox (badness 10000) in paragraph at lines 2482--2497

 []

[60]
Underfull \hbox (badness 10000) in paragraph at lines 2502--2516

 []


Underfull \hbox (badness 10000) in paragraph at lines 2518--2537

 []

[61]

LaTeX Warning: Reference `hierarchytree' on page 62 undefined on input line 256
2.


Underfull \hbox (badness 10000) in paragraph at lines 2559--2574

 []

<pics/polygontest.jpg, id=1078, 644.4075pt x 341.275pt>
File: pics/polygontest.jpg Graphic file (type jpg)

<use pics/polygontest.jpg>
Package pdftex.def Info: pics/polygontest.jpg used on input line 2577.
(pdftex.def)             Requested size: 386.64748pt x 204.76657pt.

Underfull \hbox (badness 10000) in paragraph at lines 2582--2605

 []

[62]
Underfull \hbox (badness 10000) in paragraph at lines 2640--2659

 []

[63 <./pics/polygontest.jpg>] [64]
Underfull \hbox (badness 10000) in paragraph at lines 2687--2704

 []

[65]
Underfull \hbox (badness 10000) in paragraph at lines 2706--2733

 []


Underfull \hbox (badness 10000) in paragraph at lines 2706--2733

 []


Underfull \hbox (badness 10000) in paragraph at lines 2737--2769

 []


Underfull \hbox (badness 10000) in paragraph at lines 2737--2769

 []

[66]
Overfull \hbox (28.5794pt too wide) in paragraph at lines 2793--2794
[][][][][][][][][][][][][][][][][][][][][][][][][][][][][][][][][][][][][][][][
][][][][][][][][][][][][][][][][][][][][][][][][] 
 []


Overfull \hbox (7.88391pt too wide) in paragraph at lines 2795--2796
[][][][][][][][][][][][][][][][][][][][][][][][][][][][][][][][][][][][][][][][
][][][][][][][][][][][][][][][][][][][][][][][][] 
 []

[67]
Overfull \hbox (0.98541pt too wide) in paragraph at lines 2798--2799
[][][][][][][][][][][][][][][][][][][][][][][][][][][][][][][][][][][][][][][][
][][][][][][][][][][][][][][][][][][][][][][][][][][][] 
 []


Overfull \hbox (49.2749pt too wide) in paragraph at lines 2799--2800
[][][][][][][][][][][][][][][][][][][][][][][][][][][][][][][][][][][][][][][][
][][][][][][][][][][][][][][][][][][][][][][][][][][][][][][] 
 []


Overfull \hbox (63.0719pt too wide) in paragraph at lines 2800--2801
[][][][][][][][][][][][][][][][][][][][][][][][][][][][][][][][][][][][][][][][
][][][][][][][][][][][][][][][] 
 []


Overfull \hbox (49.2749pt too wide) in paragraph at lines 2803--2804
[][][][][][][][][][][] 
 []


Underfull \hbox (badness 10000) in paragraph at lines 2822--2850

 []


Underfull \hbox (badness 10000) in paragraph at lines 2822--2850

 []

[68] [69]
Underfull \hbox (badness 10000) in paragraph at lines 2906--2924

 []


Underfull \hbox (badness 10000) in paragraph at lines 2906--2924

 []


Underfull \hbox (badness 10000) in paragraph at lines 2931--2953

 []


Underfull \hbox (badness 10000) in paragraph at lines 2931--2953

 []

[70] [71] [72]
Underfull \hbox (badness 10000) in paragraph at lines 3019--3019
[]|\OT1/cmr/m/n/10.95 User
 []


Underfull \hbox (badness 10000) in paragraph at lines 3019--3019
\OT1/cmr/m/n/10.95 Land-
 []


Underfull \hbox (badness 5711) in paragraph at lines 3019--3019
[]|\OT1/cmr/m/n/10.95 Run time(s)
 []


Underfull \hbox (badness 10000) in paragraph at lines 3019--3019
\OT1/cmr/m/n/10.95 (Mul-ti-thread
 []


Underfull \hbox (badness 10000) in paragraph at lines 3021--3021
\OT1/cmr/m/n/10.95 dent
 []

<pics/usertesting/1.png, id=1189, 345.29pt x 170.6375pt>
File: pics/usertesting/1.png Graphic file (type png)

<use pics/usertesting/1.png>
Package pdftex.def Info: pics/usertesting/1.png used on input line 3021.
(pdftex.def)             Requested size: 172.64456pt x 85.31853pt.

<pics/usertesting/1render.png, id=1190, 295.1025pt x 170.6375pt>
File: pics/usertesting/1render.png Graphic file (type png)

<use pics/usertesting/1render.png>
Package pdftex.def Info: pics/usertesting/1render.png used on input line 3022.
(pdftex.def)             Requested size: 147.55087pt x 85.31853pt.

Underfull \hbox (badness 10000) in paragraph at lines 3026--3026
\OT1/cmr/m/n/10.95 dent
 []


Underfull \hbox (badness 10000) in paragraph at lines 3026--3026
\OT1/cmr/m/n/10.95 (Com-
 []

<pics/usertesting/2.png, id=1191, 335.2525pt x 170.6375pt>
File: pics/usertesting/2.png Graphic file (type png)

<use pics/usertesting/2.png>
Package pdftex.def Info: pics/usertesting/2.png used on input line 3026.
(pdftex.def)             Requested size: 167.62584pt x 85.31853pt.

<pics/usertesting/2render.png, id=1192, 317.185pt x 170.6375pt>
File: pics/usertesting/2render.png Graphic file (type png)

<use pics/usertesting/2render.png>
Package pdftex.def Info: pics/usertesting/2render.png used on input line 3027.
(pdftex.def)             Requested size: 158.5921pt x 85.31853pt.

Underfull \hbox (badness 10000) in paragraph at lines 3031--3031
\OT1/cmr/m/n/10.95 dent
 []


Underfull \hbox (badness 10000) in paragraph at lines 3031--3031
\OT1/cmr/m/n/10.95 (Com-
 []

<pics/usertesting/3.png, id=1193, 233.87375pt x 170.6375pt>
File: pics/usertesting/3.png Graphic file (type png)

<use pics/usertesting/3.png>
Package pdftex.def Info: pics/usertesting/3.png used on input line 3031.
(pdftex.def)             Requested size: 116.93657pt x 85.31853pt.

<pics/usertesting/3render.png, id=1194, 288.07625pt x 170.6375pt>
File: pics/usertesting/3render.png Graphic file (type png)

<use pics/usertesting/3render.png>
Package pdftex.def Info: pics/usertesting/3render.png used on input line 3032.
(pdftex.def)             Requested size: 144.03777pt x 85.31853pt.

Underfull \hbox (badness 10000) in paragraph at lines 3036--3036
\OT1/cmr/m/n/10.95 dent
 []


Underfull \hbox (badness 10000) in paragraph at lines 3036--3036
\OT1/cmr/m/n/10.95 (Com-
 []

<pics/usertesting/4.png, id=1195, 269.005pt x 170.6375pt>
File: pics/usertesting/4.png Graphic file (type png)

<use pics/usertesting/4.png>
Package pdftex.def Info: pics/usertesting/4.png used on input line 3036.
(pdftex.def)             Requested size: 134.50217pt x 85.31853pt.

<pics/usertesting/4render.png, id=1196, 286.06876pt x 170.6375pt>
File: pics/usertesting/4render.png Graphic file (type png)

<use pics/usertesting/4render.png>
Package pdftex.def Info: pics/usertesting/4render.png used on input line 3037.
(pdftex.def)             Requested size: 143.03403pt x 85.31853pt.

Underfull \hbox (badness 10000) in paragraph at lines 3041--3041
\OT1/cmr/m/n/10.95 dent
 []

<pics/usertesting/5.png, id=1197, 174.6525pt x 170.6375pt>
File: pics/usertesting/5.png Graphic file (type png)

<use pics/usertesting/5.png>
Package pdftex.def Info: pics/usertesting/5.png used on input line 3041.
(pdftex.def)             Requested size: 87.32603pt x 85.31853pt.

<pics/usertesting/5render.png, id=1198, 263.98625pt x 170.6375pt>
File: pics/usertesting/5render.png Graphic file (type png)

<use pics/usertesting/5render.png>
Package pdftex.def Info: pics/usertesting/5render.png used on input line 3042.
(pdftex.def)             Requested size: 131.9928pt x 85.31853pt.

Underfull \hbox (badness 10000) in paragraph at lines 3046--3046
\OT1/cmr/m/n/10.95 dent
 []


Underfull \hbox (badness 10000) in paragraph at lines 3046--3046
\OT1/cmr/m/n/10.95 (Com-
 []

<pics/usertesting/6.png, id=1199, 220.825pt x 170.6375pt>
File: pics/usertesting/6.png Graphic file (type png)

<use pics/usertesting/6.png>
Package pdftex.def Info: pics/usertesting/6.png used on input line 3046.
(pdftex.def)             Requested size: 110.41222pt x 85.31853pt.

<pics/usertesting/6render.png, id=1200, 243.91125pt x 170.6375pt>
File: pics/usertesting/6render.png Graphic file (type png)

<use pics/usertesting/6render.png>
Package pdftex.def Info: pics/usertesting/6render.png used on input line 3047.
(pdftex.def)             Requested size: 121.95532pt x 85.31853pt.

Underfull \hbox (badness 10000) in paragraph at lines 3051--3051
\OT1/cmr/m/n/10.95 dent
 []


Underfull \hbox (badness 10000) in paragraph at lines 3051--3051
\OT1/cmr/m/n/10.95 (Com-
 []

<pics/usertesting/7.png, id=1201, 222.8325pt x 170.6375pt>
File: pics/usertesting/7.png Graphic file (type png)

<use pics/usertesting/7.png>
Package pdftex.def Info: pics/usertesting/7.png used on input line 3051.
(pdftex.def)             Requested size: 111.41597pt x 85.31853pt.

<pics/usertesting/7render.png, id=1202, 247.92625pt x 170.6375pt>
File: pics/usertesting/7render.png Graphic file (type png)

<use pics/usertesting/7render.png>
Package pdftex.def Info: pics/usertesting/7render.png used on input line 3052.
(pdftex.def)             Requested size: 123.96281pt x 85.31853pt.

<pics/usertesting/8.png, id=1203, 262.9825pt x 170.6375pt>
File: pics/usertesting/8.png Graphic file (type png)

<use pics/usertesting/8.png>
Package pdftex.def Info: pics/usertesting/8.png used on input line 3056.
(pdftex.def)             Requested size: 131.49092pt x 85.31853pt.

<pics/usertesting/8render.png, id=1204, 285.065pt x 170.6375pt>
File: pics/usertesting/8render.png Graphic file (type png)

<use pics/usertesting/8render.png>
Package pdftex.def Info: pics/usertesting/8render.png used on input line 3057.
(pdftex.def)             Requested size: 142.53215pt x 85.31853pt.

Underfull \hbox (badness 10000) in paragraph at lines 3061--3061
\OT1/cmr/m/n/10.95 dent
 []


Underfull \hbox (badness 10000) in paragraph at lines 3061--3061
\OT1/cmr/m/n/10.95 (Com-
 []

<pics/usertesting/9.png, id=1205, 192.72pt x 170.6375pt>
File: pics/usertesting/9.png Graphic file (type png)

<use pics/usertesting/9.png>
Package pdftex.def Info: pics/usertesting/9.png used on input line 3061.
(pdftex.def)             Requested size: 96.35976pt x 85.31853pt.

<pics/usertesting/9render.png, id=1206, 257.96375pt x 170.6375pt>
File: pics/usertesting/9render.png Graphic file (type png)

<use pics/usertesting/9render.png>
Package pdftex.def Info: pics/usertesting/9render.png used on input line 3062.
(pdftex.def)             Requested size: 128.98155pt x 85.31853pt.

Underfull \hbox (badness 10000) in paragraph at lines 3066--3066
\OT1/cmr/m/n/10.95 dent
 []

<pics/usertesting/10.png, id=1207, 275.0275pt x 170.6375pt>
File: pics/usertesting/10.png Graphic file (type png)

<use pics/usertesting/10.png>
Package pdftex.def Info: pics/usertesting/10.png used on input line 3066.
(pdftex.def)             Requested size: 137.51341pt x 85.31853pt.

<pics/usertesting/10render.png, id=1208, 247.92625pt x 170.6375pt>
File: pics/usertesting/10render.png Graphic file (type png)

<use pics/usertesting/10render.png>
Package pdftex.def Info: pics/usertesting/10render.png used on input line 3067.

(pdftex.def)             Requested size: 123.96281pt x 85.31853pt.

Underfull \hbox (badness 10000) in paragraph at lines 3071--3071
\OT1/cmr/m/n/10.95 dent
 []


Underfull \hbox (badness 10000) in paragraph at lines 3071--3071
\OT1/cmr/m/n/10.95 (Com-
 []

<pics/usertesting/11.png, id=1209, 265.99374pt x 165.61874pt>
File: pics/usertesting/11.png Graphic file (type png)

<use pics/usertesting/11.png>
Package pdftex.def Info: pics/usertesting/11.png used on input line 3071.
(pdftex.def)             Requested size: 132.99654pt x 82.80916pt.

<pics/usertesting/11render.png, id=1210, 232.87pt x 170.6375pt>
File: pics/usertesting/11render.png Graphic file (type png)

<use pics/usertesting/11render.png>
Package pdftex.def Info: pics/usertesting/11render.png used on input line 3072.

(pdftex.def)             Requested size: 116.43471pt x 85.31853pt.

Overfull \hbox (45.54068pt too wide) in alignment at lines 3017--3078
 [] [] [] [] [] 
 []


Underfull \vbox (badness 10000) detected at line 3078
 []

[73

 <./pics/usertesting/1.png (PNG copy)> <./pics/usertesting/1render.png (PNG cop
y)> <./pics/usertesting/2.png (PNG copy)> <./pics/usertesting/2render.png (PNG 
copy)> <./pics/usertesting/3.png (PNG copy)> <./pics/usertesting/3render.png (P
NG copy)>] [74 <./pics/usertesting/4.png (PNG copy)> <./pics/usertesting/4rende
r.png (PNG copy)> <./pics/usertesting/5.png (PNG copy)> <./pics/usertesting/5re
nder.png (PNG copy)> <./pics/usertesting/6.png (PNG copy)> <./pics/usertesting/
6render.png (PNG copy)>] [75 <./pics/usertesting/7.png (PNG copy)> <./pics/user
testing/7render.png (PNG copy)> <./pics/usertesting/8.png (PNG copy)> <./pics/u
sertesting/8render.png (PNG copy)> <./pics/usertesting/9.png (PNG copy)> <./pic
s/usertesting/9render.png (PNG copy)>] [76 <./pics/usertesting/10.png (PNG copy
)> <./pics/usertesting/10render.png (PNG copy)> <./pics/usertesting/11.png (PNG
 copy)> <./pics/usertesting/11render.png (PNG copy)>] [77

]
Underfull \hbox (badness 10000) in paragraph at lines 3097--3097
[]|\OT1/cmr/m/n/10.95 Contour De-tec-
 []


Underfull \hbox (badness 3428) in paragraph at lines 3097--3098
[]|\OT1/cmr/m/n/10.95 Number of con-
 []


Underfull \hbox (badness 5431) in paragraph at lines 3103--3107
\OT1/cmr/m/n/10.95 dou-ble de-tec-tion con-sid-
 []


Underfull \hbox (badness 10000) in paragraph at lines 3114--3117
[]|\OT1/cmr/m/n/10.95 Quite Smooth
 []


Underfull \hbox (badness 10000) in paragraph at lines 3114--3117
\OT1/cmr/m/n/10.95 land-scape, all
 []


Underfull \hbox (badness 6268) in paragraph at lines 3114--3117
\OT1/cmr/m/n/10.95 with heights as
 []


Underfull \hbox (badness 2426) in paragraph at lines 3132--3135
\OT1/cmr/m/n/10.95 render the scene only when
 []


Underfull \hbox (badness 4048) in paragraph at lines 3135--3136
[]|\OT1/cmr/m/n/10.95 Responds to an
 []


Overfull \hbox (23.86497pt too wide) in alignment at lines 3093--3139
 [] [] [] [] [] 
 []


Underfull \vbox (badness 10000) detected at line 3139
 []

[78

] [79] [80

]
Underfull \hbox (badness 10000) in paragraph at lines 3190--3241

 []


Underfull \hbox (badness 10000) in paragraph at lines 3190--3241

 []


Underfull \hbox (badness 10000) in paragraph at lines 3190--3241

 []


Underfull \hbox (badness 10000) in paragraph at lines 3190--3241

 []


Underfull \hbox (badness 10000) in paragraph at lines 3190--3241

 []

[81]

LaTeX Warning: Reference `lol' on page 82 undefined on input line 3268.


Underfull \hbox (badness 10000) in paragraph at lines 3247--3270

 []


Underfull \hbox (badness 10000) in paragraph at lines 3272--3315

 []


Underfull \hbox (badness 10000) in paragraph at lines 3272--3315

 []

[82]
<pics/shitlinesThreshTest/Upper1700lower1000kernel3.png, id=1267, 513.92pt x 51
3.92pt>
File: pics/shitlinesThreshTest/Upper1700lower1000kernel3.png Graphic file (type
 png)
 <use pics/shitlinesThreshTest/Upper1700lower1000kernel3.png>
Package pdftex.def Info: pics/shitlinesThreshTest/Upper1700lower1000kernel3.png
 used on input line 3321.
(pdftex.def)             Requested size: 154.17719pt x 154.17719pt.

Overfull \hbox (45.77219pt too wide) in paragraph at lines 3321--3322
 [][] 
 []


Underfull \hbox (badness 10000) in paragraph at lines 3322--3322
[]\OT1/cmr/m/n/10 (a) |U:1700, L:1000,
 []


<pics/shitlinesThreshTest/Upper1700lower1000kernel5.png, id=1268, 513.92pt x 51
3.92pt>
File: pics/shitlinesThreshTest/Upper1700lower1000kernel5.png Graphic file (type
 png)
 <use pics/shitlinesThreshTest/Upper1700lower1000kernel5.png>
Package pdftex.def Info: pics/shitlinesThreshTest/Upper1700lower1000kernel5.png
 used on input line 3328.
(pdftex.def)             Requested size: 154.17719pt x 154.17719pt.

Overfull \hbox (45.77219pt too wide) in paragraph at lines 3328--3329
 [][] 
 []


Underfull \hbox (badness 10000) in paragraph at lines 3329--3329
[]\OT1/cmr/m/n/10 (b) |U:1700, L:1000,
 []


<pics/shitlinesThreshTest/Upper1700lower1000kernel7.png, id=1269, 513.92pt x 51
3.92pt>
File: pics/shitlinesThreshTest/Upper1700lower1000kernel7.png Graphic file (type
 png)
 <use pics/shitlinesThreshTest/Upper1700lower1000kernel7.png>
Package pdftex.def Info: pics/shitlinesThreshTest/Upper1700lower1000kernel7.png
 used on input line 3335.
(pdftex.def)             Requested size: 154.17719pt x 154.17719pt.

Overfull \hbox (45.77219pt too wide) in paragraph at lines 3335--3336
 [][] 
 []


Underfull \hbox (badness 10000) in paragraph at lines 3336--3336
[]\OT1/cmr/m/n/10 (c) |U:1700, L:1000,
 []


<pics/shitlinesThreshTest/Upper2200lower800kernel3.png, id=1270, 513.92pt x 513
.92pt>
File: pics/shitlinesThreshTest/Upper2200lower800kernel3.png Graphic file (type 
png)
 <use pics/shitlinesThreshTest/Upper2200lower800kernel3.png>
Package pdftex.def Info: pics/shitlinesThreshTest/Upper2200lower800kernel3.png 
used on input line 3343.
(pdftex.def)             Requested size: 154.17719pt x 154.17719pt.

Overfull \hbox (45.77219pt too wide) in paragraph at lines 3343--3344
 [][] 
 []


<pics/shitlinesThreshTest/Upper2200lower800kernel5.png, id=1271, 513.92pt x 513
.92pt>
File: pics/shitlinesThreshTest/Upper2200lower800kernel5.png Graphic file (type 
png)
 <use pics/shitlinesThreshTest/Upper2200lower800kernel5.png>
Package pdftex.def Info: pics/shitlinesThreshTest/Upper2200lower800kernel5.png 
used on input line 3351.
(pdftex.def)             Requested size: 154.17719pt x 154.17719pt.

Overfull \hbox (45.77219pt too wide) in paragraph at lines 3351--3352
 [][] 
 []


<pics/shitlinesThreshTest/Upper2200lower800kernel7.png, id=1272, 513.92pt x 513
.92pt>
File: pics/shitlinesThreshTest/Upper2200lower800kernel7.png Graphic file (type 
png)
 <use pics/shitlinesThreshTest/Upper2200lower800kernel7.png>
Package pdftex.def Info: pics/shitlinesThreshTest/Upper2200lower800kernel7.png 
used on input line 3359.
(pdftex.def)             Requested size: 154.17719pt x 154.17719pt.

Overfull \hbox (45.77219pt too wide) in paragraph at lines 3359--3360
 [][] 
 []


<pics/shitlinesThreshTest/Upper2200lower1200kernel3.png, id=1273, 513.92pt x 51
3.92pt>
File: pics/shitlinesThreshTest/Upper2200lower1200kernel3.png Graphic file (type
 png)
 <use pics/shitlinesThreshTest/Upper2200lower1200kernel3.png>
Package pdftex.def Info: pics/shitlinesThreshTest/Upper2200lower1200kernel3.png
 used on input line 3368.
(pdftex.def)             Requested size: 154.17719pt x 154.17719pt.

Overfull \hbox (45.77219pt too wide) in paragraph at lines 3368--3369
 [][] 
 []


Underfull \hbox (badness 10000) in paragraph at lines 3369--3369
[]\OT1/cmr/m/n/10 (g) |U:2200, L:1200,
 []


<pics/shitlinesThreshTest/Upper2200lower1200kernel5.png, id=1274, 513.92pt x 51
3.92pt>
File: pics/shitlinesThreshTest/Upper2200lower1200kernel5.png Graphic file (type
 png)
 <use pics/shitlinesThreshTest/Upper2200lower1200kernel5.png>
Package pdftex.def Info: pics/shitlinesThreshTest/Upper2200lower1200kernel5.png
 used on input line 3375.
(pdftex.def)             Requested size: 154.17719pt x 154.17719pt.

Overfull \hbox (45.77219pt too wide) in paragraph at lines 3375--3376
 [][] 
 []


Underfull \hbox (badness 10000) in paragraph at lines 3376--3376
[]\OT1/cmr/m/n/10 (h) |U:2200, L:1200,
 []


<pics/shitlinesThreshTest/Upper2200lower1200kernel7.png, id=1275, 513.92pt x 51
3.92pt>
File: pics/shitlinesThreshTest/Upper2200lower1200kernel7.png Graphic file (type
 png)
 <use pics/shitlinesThreshTest/Upper2200lower1200kernel7.png>
Package pdftex.def Info: pics/shitlinesThreshTest/Upper2200lower1200kernel7.png
 used on input line 3382.
(pdftex.def)             Requested size: 154.17719pt x 154.17719pt.

Overfull \hbox (45.77219pt too wide) in paragraph at lines 3382--3383
 [][] 
 []

[83]
Overfull \vbox (10.29204pt too high) has occurred while \output is active []


[84 <./pics/shitlinesThreshTest/Upper1700lower1000kernel3.png (PNG copy)> <./pi
cs/shitlinesThreshTest/Upper1700lower1000kernel5.png (PNG copy)> <./pics/shitli
nesThreshTest/Upper1700lower1000kernel7.png (PNG copy)> <./pics/shitlinesThresh
Test/Upper2200lower800kernel3.png (PNG copy)> <./pics/shitlinesThreshTest/Upper
2200lower800kernel5.png (PNG copy)> <./pics/shitlinesThreshTest/Upper2200lower8
00kernel7.png (PNG copy)> <./pics/shitlinesThreshTest/Upper2200lower1200kernel3
.png (PNG copy)> <./pics/shitlinesThreshTest/Upper2200lower1200kernel5.png (PNG
 copy)> <./pics/shitlinesThreshTest/Upper2200lower1200kernel7.png (PNG copy)>]
<pics/normalThreshTest/Upper1700lower800kernel5.png, id=1286, 513.92pt x 513.92
pt>
File: pics/normalThreshTest/Upper1700lower800kernel5.png Graphic file (type png
)
 <use pics/normalThreshTest/Upper1700lower800kernel5.png>
Package pdftex.def Info: pics/normalThreshTest/Upper1700lower800kernel5.png use
d on input line 3395.
(pdftex.def)             Requested size: 154.17719pt x 154.17719pt.

Overfull \hbox (45.77219pt too wide) in paragraph at lines 3395--3396
 [][] 
 []


<pics/normalThreshTest/Upper1700lower1200kernel5.png, id=1287, 513.92pt x 513.9
2pt>
File: pics/normalThreshTest/Upper1700lower1200kernel5.png Graphic file (type pn
g)
 <use pics/normalThreshTest/Upper1700lower1200kernel5.png>
Package pdftex.def Info: pics/normalThreshTest/Upper1700lower1200kernel5.png us
ed on input line 3401.
(pdftex.def)             Requested size: 154.17719pt x 154.17719pt.

Overfull \hbox (45.77219pt too wide) in paragraph at lines 3401--3402
 [][] 
 []


<pics/normalThreshTest/Upper1700lower1400kernel5.png, id=1288, 513.92pt x 513.9
2pt>
File: pics/normalThreshTest/Upper1700lower1400kernel5.png Graphic file (type pn
g)
 <use pics/normalThreshTest/Upper1700lower1400kernel5.png>
Package pdftex.def Info: pics/normalThreshTest/Upper1700lower1400kernel5.png us
ed on input line 3407.
(pdftex.def)             Requested size: 154.17719pt x 154.17719pt.

Overfull \hbox (45.77219pt too wide) in paragraph at lines 3407--3408
 [][] 
 []


<pics/normalThreshTest/Upper2200lower800kernel5.png, id=1289, 513.92pt x 513.92
pt>
File: pics/normalThreshTest/Upper2200lower800kernel5.png Graphic file (type png
)
 <use pics/normalThreshTest/Upper2200lower800kernel5.png>
Package pdftex.def Info: pics/normalThreshTest/Upper2200lower800kernel5.png use
d on input line 3414.
(pdftex.def)             Requested size: 154.17719pt x 154.17719pt.

Overfull \hbox (45.77219pt too wide) in paragraph at lines 3414--3415
 [][] 
 []


<pics/normalThreshTest/Upper2200lower1400kernel5.png, id=1290, 513.92pt x 513.9
2pt>
File: pics/normalThreshTest/Upper2200lower1400kernel5.png Graphic file (type pn
g)
 <use pics/normalThreshTest/Upper2200lower1400kernel5.png>
Package pdftex.def Info: pics/normalThreshTest/Upper2200lower1400kernel5.png us
ed on input line 3420.
(pdftex.def)             Requested size: 154.17719pt x 154.17719pt.

Overfull \hbox (45.77219pt too wide) in paragraph at lines 3420--3421
 [][] 
 []


<pics/normalThreshTest/Upper2200lower2000kernel5.png, id=1291, 513.92pt x 513.9
2pt>
File: pics/normalThreshTest/Upper2200lower2000kernel5.png Graphic file (type pn
g)
 <use pics/normalThreshTest/Upper2200lower2000kernel5.png>
Package pdftex.def Info: pics/normalThreshTest/Upper2200lower2000kernel5.png us
ed on input line 3426.
(pdftex.def)             Requested size: 154.17719pt x 154.17719pt.

Overfull \hbox (45.77219pt too wide) in paragraph at lines 3426--3427
 [][] 
 []


<pics/normalThreshTest/Upper2700lower800kernel5.png, id=1292, 513.92pt x 513.92
pt>
File: pics/normalThreshTest/Upper2700lower800kernel5.png Graphic file (type png
)
 <use pics/normalThreshTest/Upper2700lower800kernel5.png>
Package pdftex.def Info: pics/normalThreshTest/Upper2700lower800kernel5.png use
d on input line 3433.
(pdftex.def)             Requested size: 154.17719pt x 154.17719pt.

Overfull \hbox (45.77219pt too wide) in paragraph at lines 3433--3434
 [][] 
 []


<pics/normalThreshTest/Upper2700lower1400kernel5.png, id=1293, 513.92pt x 513.9
2pt>
File: pics/normalThreshTest/Upper2700lower1400kernel5.png Graphic file (type pn
g)
 <use pics/normalThreshTest/Upper2700lower1400kernel5.png>
Package pdftex.def Info: pics/normalThreshTest/Upper2700lower1400kernel5.png us
ed on input line 3439.
(pdftex.def)             Requested size: 154.17719pt x 154.17719pt.

Overfull \hbox (45.77219pt too wide) in paragraph at lines 3439--3440
 [][] 
 []


<pics/normalThreshTest/Upper2700lower2000kernel5.png, id=1294, 513.92pt x 513.9
2pt>
File: pics/normalThreshTest/Upper2700lower2000kernel5.png Graphic file (type pn
g)
 <use pics/normalThreshTest/Upper2700lower2000kernel5.png>
Package pdftex.def Info: pics/normalThreshTest/Upper2700lower2000kernel5.png us
ed on input line 3445.
(pdftex.def)             Requested size: 154.17719pt x 154.17719pt.

Overfull \hbox (45.77219pt too wide) in paragraph at lines 3445--3446
 [][] 
 []

[85 <./pics/normalThreshTest/Upper1700lower800kernel5.png (PNG copy)> <./pics/n
ormalThreshTest/Upper1700lower1200kernel5.png (PNG copy)> <./pics/normalThreshT
est/Upper1700lower1400kernel5.png (PNG copy)> <./pics/normalThreshTest/Upper220
0lower800kernel5.png (PNG copy)> <./pics/normalThreshTest/Upper2200lower1400ker
nel5.png (PNG copy)> <./pics/normalThreshTest/Upper2200lower2000kernel5.png (PN
G copy)> <./pics/normalThreshTest/Upper2700lower800kernel5.png (PNG copy)> <./p
ics/normalThreshTest/Upper2700lower1400kernel5.png (PNG copy)> <./pics/normalTh
reshTest/Upper2700lower2000kernel5.png (PNG copy)>]
Underfull \hbox (badness 10000) in paragraph at lines 3477--3522

 []


Underfull \hbox (badness 10000) in paragraph at lines 3477--3522

 []

[86] <pics/backtrack.png, id=1306, 268.00125pt x 93.34875pt>
File: pics/backtrack.png Graphic file (type png)

<use pics/backtrack.png>
Package pdftex.def Info: pics/backtrack.png used on input line 3525.
(pdftex.def)             Requested size: 214.40128pt x 74.6791pt.


LaTeX Warning: Reference `fig:contourElimination' on page 87 undefined on input
 line 3533.

<pics/elimination.jpg, id=1309, 158.5925pt x 136.51pt>
File: pics/elimination.jpg Graphic file (type jpg)

<use pics/elimination.jpg>
Package pdftex.def Info: pics/elimination.jpg used on input line 3548.
(pdftex.def)             Requested size: 222.02794pt x 191.11269pt.

Overfull \hbox (26.90027pt too wide) in paragraph at lines 3548--3549
 [][] 
 []

<pics/eliminationResults.png, id=1310, 284.06125pt x 227.85126pt>
File: pics/eliminationResults.png Graphic file (type png)

<use pics/eliminationResults.png>
Package pdftex.def Info: pics/eliminationResults.png used on input line 3555.
(pdftex.def)             Requested size: 227.24928pt x 182.28123pt.

Overfull \hbox (32.12161pt too wide) in paragraph at lines 3555--3556
 [][] 
 []

[87 <./pics/backtrack.png (PNG copy)>]
Underfull \hbox (badness 10000) in paragraph at lines 3563--3578

 []

<pics/elimination/joinedAfterRemoval1.png, id=1323, 481.8pt x 382.42876pt>
File: pics/elimination/joinedAfterRemoval1.png Graphic file (type png)

<use pics/elimination/joinedAfterRemoval1.png>
Package pdftex.def Info: pics/elimination/joinedAfterRemoval1.png used on input
 line 3583.
(pdftex.def)             Requested size: 134.90308pt x 107.07932pt.

<pics/elimination/joinedAfterRemoval2.png, id=1324, 481.8pt x 382.42876pt>
File: pics/elimination/joinedAfterRemoval2.png Graphic file (type png)

<use pics/elimination/joinedAfterRemoval2.png>
Package pdftex.def Info: pics/elimination/joinedAfterRemoval2.png used on input
 line 3589.
(pdftex.def)             Requested size: 134.90308pt x 107.07932pt.

<pics/elimination/joinedAfterRemoval3.png, id=1325, 481.8pt x 382.42876pt>
File: pics/elimination/joinedAfterRemoval3.png Graphic file (type png)

<use pics/elimination/joinedAfterRemoval3.png>
Package pdftex.def Info: pics/elimination/joinedAfterRemoval3.png used on input
 line 3595.
(pdftex.def)             Requested size: 134.90308pt x 107.07932pt.

<pics/elimination/joinedAfterRemoval4.png, id=1326, 481.8pt x 381.425pt>
File: pics/elimination/joinedAfterRemoval4.png Graphic file (type png)

<use pics/elimination/joinedAfterRemoval4.png>
Package pdftex.def Info: pics/elimination/joinedAfterRemoval4.png used on input
 line 3603.
(pdftex.def)             Requested size: 134.90308pt x 106.79826pt.

<pics/elimination/joinedAfterRemoval5.png, id=1327, 481.8pt x 382.42876pt>
File: pics/elimination/joinedAfterRemoval5.png Graphic file (type png)

<use pics/elimination/joinedAfterRemoval5.png>
Package pdftex.def Info: pics/elimination/joinedAfterRemoval5.png used on input
 line 3609.
(pdftex.def)             Requested size: 134.90308pt x 107.07932pt.

<pics/elimination/joinedAfterRemoval6.png, id=1328, 481.8pt x 382.42876pt>
File: pics/elimination/joinedAfterRemoval6.png Graphic file (type png)

<use pics/elimination/joinedAfterRemoval6.png>
Package pdftex.def Info: pics/elimination/joinedAfterRemoval6.png used on input
 line 3615.
(pdftex.def)             Requested size: 134.90308pt x 107.07932pt.

<pics/elimination/joinedAfterRemoval7.png, id=1329, 481.8pt x 382.42876pt>
File: pics/elimination/joinedAfterRemoval7.png Graphic file (type png)

<use pics/elimination/joinedAfterRemoval7.png>
Package pdftex.def Info: pics/elimination/joinedAfterRemoval7.png used on input
 line 3623.
(pdftex.def)             Requested size: 134.90308pt x 107.07932pt.

<pics/elimination/joinedAfterRemoval8.png, id=1330, 481.8pt x 382.42876pt>
File: pics/elimination/joinedAfterRemoval8.png Graphic file (type png)

<use pics/elimination/joinedAfterRemoval8.png>
Package pdftex.def Info: pics/elimination/joinedAfterRemoval8.png used on input
 line 3629.
(pdftex.def)             Requested size: 134.90308pt x 107.07932pt.

<pics/elimination/joinedAfterRemoval9.png, id=1331, 481.8pt x 382.42876pt>
File: pics/elimination/joinedAfterRemoval9.png Graphic file (type png)

<use pics/elimination/joinedAfterRemoval9.png>
Package pdftex.def Info: pics/elimination/joinedAfterRemoval9.png used on input
 line 3635.
(pdftex.def)             Requested size: 134.90308pt x 107.07932pt.

<pics/elimination/joinedAfterRemoval10.png, id=1332, 481.8pt x 382.42876pt>
File: pics/elimination/joinedAfterRemoval10.png Graphic file (type png)

<use pics/elimination/joinedAfterRemoval10.png>
Package pdftex.def Info: pics/elimination/joinedAfterRemoval10.png used on inpu
t line 3643.
(pdftex.def)             Requested size: 134.90308pt x 107.07932pt.

<pics/elimination/joinedAfterRemoval11.png, id=1333, 481.8pt x 382.42876pt>
File: pics/elimination/joinedAfterRemoval11.png Graphic file (type png)

<use pics/elimination/joinedAfterRemoval11.png>
Package pdftex.def Info: pics/elimination/joinedAfterRemoval11.png used on inpu
t line 3649.
(pdftex.def)             Requested size: 134.90308pt x 107.07932pt.

<pics/elimination/joinedAfterRemoval12.png, id=1334, 481.8pt x 382.42876pt>
File: pics/elimination/joinedAfterRemoval12.png Graphic file (type png)

<use pics/elimination/joinedAfterRemoval12.png>
Package pdftex.def Info: pics/elimination/joinedAfterRemoval12.png used on inpu
t line 3655.
(pdftex.def)             Requested size: 134.90308pt x 107.07932pt.
 [88 <./pics/elimination.jpg> <./pics/eliminationResults.png (PNG copy)>]
Underfull \hbox (badness 10000) in paragraph at lines 3663--3724

 []


Underfull \hbox (badness 10000) in paragraph at lines 3663--3724

 []


Underfull \hbox (badness 10000) in paragraph at lines 3663--3724

 []


Underfull \hbox (badness 10000) in paragraph at lines 3663--3724

 []


Underfull \hbox (badness 10000) in paragraph at lines 3663--3724

 []

[89 <./pics/elimination/joinedAfterRemoval1.png (PNG copy)> <./pics/elimination
/joinedAfterRemoval2.png (PNG copy)> <./pics/elimination/joinedAfterRemoval3.pn
g (PNG copy)> <./pics/elimination/joinedAfterRemoval4.png (PNG copy)> <./pics/e
limination/joinedAfterRemoval5.png (PNG copy)> <./pics/elimination/joinedAfterR
emoval6.png (PNG copy)> <./pics/elimination/joinedAfterRemoval7.png (PNG copy)>
 <./pics/elimination/joinedAfterRemoval8.png (PNG copy)> <./pics/elimination/jo
inedAfterRemoval9.png (PNG copy)> <./pics/elimination/joinedAfterRemoval10.png 
(PNG copy)> <./pics/elimination/joinedAfterRemoval11.png (PNG copy)> <./pics/el
imination/joinedAfterRemoval12.png (PNG copy)>] [90]
Underfull \hbox (badness 10000) in paragraph at lines 3726--3733

 []


Underfull \hbox (badness 10000) in paragraph at lines 3734--3851

 []


Underfull \hbox (badness 10000) in paragraph at lines 3734--3851

 []


Underfull \hbox (badness 10000) in paragraph at lines 3734--3851

 []

[91] [92]
Underfull \hbox (badness 10000) in paragraph at lines 3854--3976

 []


Underfull \hbox (badness 10000) in paragraph at lines 3854--3976

 []


Underfull \hbox (badness 10000) in paragraph at lines 3854--3976

 []


Underfull \hbox (badness 10000) in paragraph at lines 3854--3976

 []


Underfull \hbox (badness 10000) in paragraph at lines 3854--3976

 []


Underfull \hbox (badness 10000) in paragraph at lines 3854--3976

 []


Underfull \hbox (badness 10000) in paragraph at lines 3854--3976

 []


Underfull \hbox (badness 10000) in paragraph at lines 3854--3976

 []


Underfull \hbox (badness 10000) in paragraph at lines 3854--3976

 []

[93] [94] [95]
Underfull \hbox (badness 10000) in paragraph at lines 3979--3996

 []


Underfull \hbox (badness 10000) in paragraph at lines 3979--3996

 []


Underfull \hbox (badness 10000) in paragraph at lines 4004--4025

 []

[96]
Underfull \hbox (badness 10000) in paragraph at lines 4027--4051

 []


Underfull \hbox (badness 10000) in paragraph at lines 4053--4078

 []


Underfull \hbox (badness 10000) in paragraph at lines 4053--4078

 []

[97]
Underfull \hbox (badness 10000) in paragraph at lines 4080--4109

 []

[98]
Underfull \hbox (badness 10000) in paragraph at lines 4111--4140

 []


Underfull \hbox (badness 10000) in paragraph at lines 4111--4140

 []


Underfull \hbox (badness 10000) in paragraph at lines 4111--4140

 []

[99] <pics/texture.jpg, id=1394, 260.57915pt x 260.57915pt>
File: pics/texture.jpg Graphic file (type jpg)

<use pics/texture.jpg>
Package pdftex.def Info: pics/texture.jpg used on input line 4154.
(pdftex.def)             Requested size: 182.40414pt x 182.40414pt.

Underfull \hbox (badness 10000) in paragraph at lines 4176--4198

 []


Underfull \hbox (badness 10000) in paragraph at lines 4176--4198

 []

[100 <./pics/texture.jpg>] [101]
Underfull \hbox (badness 10000) in paragraph at lines 4231--4249

 []

Missing character: There is no ‚ in font cmr10!
Missing character: There is no Ä in font cmr10!
Missing character: There is no ò in font cmr10!
Missing character: There is no ‚ in font cmr10!
Missing character: There is no Ä in font cmr10!
Missing character: There is no ô in font cmr10!
Missing character: There is no ‚ in font cmr10!
Missing character: There is no Ä in font cmr10!
Missing character: There is no ò in font cmr10!
Missing character: There is no ‚ in font cmr10!
Missing character: There is no Ä in font cmr10!
Missing character: There is no ô in font cmr10!

LaTeX Warning: Reference `sec:LandscapAugmented Reality' on page 102 undefined 
on input line 4268.


Underfull \hbox (badness 10000) in paragraph at lines 4255--4274

 []

[102]
Underfull \hbox (badness 10000) in paragraph at lines 4285--4324

 []


Underfull \hbox (badness 10000) in paragraph at lines 4285--4324

 []


Underfull \hbox (badness 10000) in paragraph at lines 4285--4324

 []

[103]
Underfull \hbox (badness 10000) in paragraph at lines 4326--4369

 []


Underfull \hbox (badness 10000) in paragraph at lines 4326--4369

 []


Underfull \hbox (badness 10000) in paragraph at lines 4326--4369

 []

[104]
Underfull \hbox (badness 10000) in paragraph at lines 4371--4395

 []


Underfull \hbox (badness 10000) in paragraph at lines 4371--4395

 []

[105] [106]
Underfull \hbox (badness 10000) in paragraph at lines 4411--4417

 []


Underfull \hbox (badness 10000) in paragraph at lines 4420--4425

 []


Underfull \hbox (badness 10000) in paragraph at lines 4428--4437

 []

[107] <userguide/markersite.png, id=1436, 445.665pt x 87.32625pt>
File: userguide/markersite.png Graphic file (type png)

<use userguide/markersite.png>
Package pdftex.def Info: userguide/markersite.png used on input line 4468.
(pdftex.def)             Requested size: 356.53249pt x 69.86108pt.

Underfull \hbox (badness 10000) in paragraph at lines 4481--4493

 []

[108 <./userguide/markersite.png (PNG copy)>]
Underfull \hbox (badness 10000) in paragraph at lines 4501--4511

 []

[109]
Underfull \hbox (badness 10000) in paragraph at lines 4557--4558

 []


Underfull \hbox (badness 10000) in paragraph at lines 4568--4569

 []

[110] [111] (./report.bbl [112]) 
AED: lastpage setting LastPage
[113]
Package atveryend Info: Empty hook `BeforeClearDocument' on input line 4594.
Package atveryend Info: Empty hook `AfterLastShipout' on input line 4594.
 (./report.aux)
Package atveryend Info: Executing hook `AtVeryEndDocument' on input line 4594.
Package atveryend Info: Executing hook `AtEndAfterFileList' on input line 4594.

Package rerunfilecheck Info: File `report.out' has not changed.
(rerunfilecheck)             Checksum: 320A0B540F7B1F237BD630AB82F2925F;8460.


LaTeX Warning: There were undefined references.

Package atveryend Info: Empty hook `AtVeryVeryEnd' on input line 4594.
 ) 
Here is how much of TeX's memory you used:
 11846 strings out of 494985
 183156 string characters out of 6180355
 411056 words of memory out of 5000000
 14402 multiletter control sequences out of 15000+600000
 11587 words of font info for 42 fonts, out of 8000000 for 9000
 36 hyphenation exceptions out of 8191
 42i,24n,58p,301b,1649s stack positions out of 5000i,500n,10000p,200000b,80000s
pdfTeX warning (dest): name{Hfootnote.1} has been referenced but does not exi
st, replaced by a fixed one

</usr/share/texlive/texmf-dist/fonts/type1/public/amsfonts/cm/cmbx10.pfb></usr/
share/texlive/texmf-dist/fonts/type1/public/amsfonts/cm/cmbx12.pfb></usr/share/
texlive/texmf-dist/fonts/type1/public/amsfonts/cm/cmex10.pfb></usr/share/texliv
e/texmf-dist/fonts/type1/public/amsfonts/cm/cmmi10.pfb></usr/share/texlive/texm
f-dist/fonts/type1/public/amsfonts/cm/cmmi8.pfb></usr/share/texlive/texmf-dist/
fonts/type1/public/amsfonts/cm/cmr10.pfb></usr/share/texlive/texmf-dist/fonts/t
ype1/public/amsfonts/cm/cmr12.pfb></usr/share/texlive/texmf-dist/fonts/type1/pu
blic/amsfonts/cm/cmr17.pfb></usr/share/texlive/texmf-dist/fonts/type1/public/am
sfonts/cm/cmr6.pfb></usr/share/texlive/texmf-dist/fonts/type1/public/amsfonts/c
m/cmr8.pfb></usr/share/texlive/texmf-dist/fonts/type1/public/amsfonts/cm/cmr9.p
fb></usr/share/texlive/texmf-dist/fonts/type1/public/amsfonts/cm/cmsy10.pfb></u
sr/share/texlive/texmf-dist/fonts/type1/public/amsfonts/cm/cmti10.pfb></usr/sha
re/texlive/texmf-dist/fonts/type1/public/amsfonts/cm/cmtt10.pfb>
Output written on report.pdf (113 pages, 7773180 bytes).
PDF statistics:
 1614 PDF objects out of 1728 (max. 8388607)
 1359 compressed objects within 14 object streams
 431 named destinations out of 1000 (max. 500000)
 1339 words of extra memory for PDF output out of 10000 (max. 10000000)

