\BOOKMARK [1][-]{section.1}{ DO \040Abstract}{}% 1
\BOOKMARK [1][-]{section.2}{ DO \040Introduction}{}% 2
\BOOKMARK [2][-]{subsection.2.1}{Project Goals}{section.2}% 3
\BOOKMARK [1][-]{section.3}{Background}{}% 4
\BOOKMARK [2][-]{subsection.3.1}{Augmented Reality}{section.3}% 5
\BOOKMARK [3][-]{subsubsection.3.1.1}{Augment the User}{subsection.3.1}% 6
\BOOKMARK [3][-]{subsubsection.3.1.2}{Augment Devices}{subsection.3.1}% 7
\BOOKMARK [3][-]{subsubsection.3.1.3}{Augment the Environment}{subsection.3.1}% 8
\BOOKMARK [2][-]{subsection.3.2}{Construction of AR scenes.}{section.3}% 9
\BOOKMARK [2][-]{subsection.3.3}{Computer Vision and Image Processing}{section.3}% 10
\BOOKMARK [3][-]{subsubsection.3.3.1}{Edge Detection}{subsection.3.3}% 11
\BOOKMARK [3][-]{subsubsection.3.3.2}{Gradient-based detectors}{subsection.3.3}% 12
\BOOKMARK [3][-]{subsubsection.3.3.3}{Laplacian \(of Gaussian\)-based detectors}{subsection.3.3}% 13
\BOOKMARK [3][-]{subsubsection.3.3.4}{Canny Edge Detector}{subsection.3.3}% 14
\BOOKMARK [3][-]{subsubsection.3.3.5}{Open and Closed contours}{subsection.3.3}% 15
\BOOKMARK [3][-]{subsubsection.3.3.6}{Mathematical Morphology}{subsection.3.3}% 16
\BOOKMARK [3][-]{subsubsection.3.3.7}{Erosion}{subsection.3.3}% 17
\BOOKMARK [3][-]{subsubsection.3.3.8}{Dilation}{subsection.3.3}% 18
\BOOKMARK [3][-]{subsubsection.3.3.9}{Closing}{subsection.3.3}% 19
\BOOKMARK [3][-]{subsubsection.3.3.10}{Image Differencing}{subsection.3.3}% 20
\BOOKMARK [3][-]{subsubsection.3.3.11}{Simple Intensity Differencing}{subsection.3.3}% 21
\BOOKMARK [3][-]{subsubsection.3.3.12}{Image Ratioing}{subsection.3.3}% 22
\BOOKMARK [3][-]{subsubsection.3.3.13}{ DO \040Camera alignment}{subsection.3.3}% 23
\BOOKMARK [2][-]{subsection.3.4}{ DO \040Computer Graphics}{section.3}% 24
\BOOKMARK [2][-]{subsection.3.5}{Ordnance Survey Maps}{section.3}% 25
\BOOKMARK [2][-]{subsection.3.6}{Existing Projects}{section.3}% 26
\BOOKMARK [3][-]{subsubsection.3.6.1}{LandscapAR}{subsection.3.6}% 27
\BOOKMARK [3][-]{subsubsection.3.6.2}{The AR Sandbox}{subsection.3.6}% 28
\BOOKMARK [3][-]{subsubsection.3.6.3}{Microsoft Kinect V2}{subsection.3.6}% 29
\BOOKMARK [1][-]{section.4}{Implementation}{}% 30
\BOOKMARK [2][-]{subsection.4.1}{ DO \040Assumptions and Restrictions of the Designer}{section.4}% 31
\BOOKMARK [2][-]{subsection.4.2}{ DO \040Setting up the Camera and Environment}{section.4}% 32
\BOOKMARK [3][-]{subsubsection.4.2.1}{Camera Calibration and Setup}{subsection.4.2}% 33
\BOOKMARK [3][-]{subsubsection.4.2.2}{Choosing C++}{subsection.4.2}% 34
\BOOKMARK [3][-]{subsubsection.4.2.3}{OpenCV}{subsection.4.2}% 35
\BOOKMARK [3][-]{subsubsection.4.2.4}{ DO \040OpenGL}{subsection.4.2}% 36
\BOOKMARK [3][-]{subsubsection.4.2.5}{ DO \040ARuco}{subsection.4.2}% 37
\BOOKMARK [2][-]{subsection.4.3}{Capturing the Landscape map}{section.4}% 38
\BOOKMARK [3][-]{subsubsection.4.3.1}{ DO \040Drawing the map}{subsection.4.3}% 39
\BOOKMARK [3][-]{subsubsection.4.3.2}{Detecting Contours}{subsection.4.3}% 40
\BOOKMARK [3][-]{subsubsection.4.3.3}{Generating the Hierarchy Tree}{subsection.4.3}% 41
\BOOKMARK [3][-]{subsubsection.4.3.4}{ DO \040Joining Contours}{subsection.4.3}% 42
\BOOKMARK [2][-]{subsection.4.4}{Generating the 3D scene}{section.4}% 43
\BOOKMARK [3][-]{subsubsection.4.4.1}{ DO \040View Point alignment}{subsection.4.4}% 44
\BOOKMARK [3][-]{subsubsection.4.4.2}{ DO \040From Hierarchy Tree to Height Map}{subsection.4.4}% 45
\BOOKMARK [3][-]{subsubsection.4.4.3}{ DO \040Terrain Generation}{subsection.4.4}% 46
\BOOKMARK [2][-]{subsection.4.5}{ DO \040Detecting change in the scene}{section.4}% 47
\BOOKMARK [3][-]{subsubsection.4.5.1}{Generating the Base image}{subsection.4.5}% 48
\BOOKMARK [3][-]{subsubsection.4.5.2}{ DO \040Introducing change}{subsection.4.5}% 49
\BOOKMARK [3][-]{subsubsection.4.5.3}{ DO \040Determining Stabilisation}{subsection.4.5}% 50
\BOOKMARK [2][-]{subsection.4.6}{ DO \040Restructure and regenerating the 3D scene}{section.4}% 51
\BOOKMARK [3][-]{subsubsection.4.6.1}{ DO \040Generating a Difference Image}{subsection.4.6}% 52
\BOOKMARK [1][-]{section.5}{Evaluation}{}% 53
\BOOKMARK [2][-]{subsection.5.1}{ DO \040Test Measures}{section.5}% 54
\BOOKMARK [2][-]{subsection.5.2}{ DO \040Indicators of Success}{section.5}% 55
\BOOKMARK [2][-]{subsection.5.3}{ DO \040User Testing}{section.5}% 56
\BOOKMARK [3][-]{subsubsection.5.3.1}{ DO \040Responsiveness}{subsection.5.3}% 57
\BOOKMARK [3][-]{subsubsection.5.3.2}{ DO \040Aesthetics}{subsection.5.3}% 58
\BOOKMARK [2][-]{subsection.5.4}{ DO \040Results}{section.5}% 59
\BOOKMARK [2][-]{subsection.5.5}{ DO \040Overall Evaluation}{section.5}% 60
\BOOKMARK [1][-]{section.6}{ DO \040Extensions}{}% 61
\BOOKMARK [2][-]{subsection.6.1}{Immediate Extensions}{section.6}% 62
\BOOKMARK [3][-]{subsubsection.6.1.1}{Coloured Contours}{subsection.6.1}% 63
\BOOKMARK [3][-]{subsubsection.6.1.2}{Other markers}{subsection.6.1}% 64
\BOOKMARK [3][-]{subsubsection.6.1.3}{Photorealistic lighting environment}{subsection.6.1}% 65
\BOOKMARK [2][-]{subsection.6.2}{Future Extensions}{section.6}% 66
\BOOKMARK [3][-]{subsubsection.6.2.1}{The Leap Motion}{subsection.6.2}% 67
\BOOKMARK [3][-]{subsubsection.6.2.2}{No Calibration Marker}{subsection.6.2}% 68
\BOOKMARK [2][-]{subsection.6.3}{Continued testing and experimentation}{section.6}% 69
\BOOKMARK [3][-]{subsubsection.6.3.1}{ DO \040Contour closing}{subsection.6.3}% 70
\BOOKMARK [3][-]{subsubsection.6.3.2}{ DO \040Thresholding}{subsection.6.3}% 71
\BOOKMARK [3][-]{subsubsection.6.3.3}{ DO \040Stabilisation of background}{subsection.6.3}% 72
