The system is: Linux - 3.13.0-49-generic - x86_64
Compiling the CXX compiler identification source file "CMakeCXXCompilerId.cpp" succeeded.
Compiler: /usr/bin/c++ 
Build flags: 
Id flags: 

The output was:
0


Compilation of the CXX compiler identification source "CMakeCXXCompilerId.cpp" produced "a.out"

The CXX compiler identification is GNU, found in "/home/terence/finalyear/IndividualProject/code/OpenCV/opencv-2.4.11/CMakeFiles/2.8.12.2/CompilerIdCXX/a.out"

Compiling the C compiler identification source file "CMakeCCompilerId.c" succeeded.
Compiler: /usr/bin/cc 
Build flags: 
Id flags: 

The output was:
0


Compilation of the C compiler identification source "CMakeCCompilerId.c" produced "a.out"

The C compiler identification is GNU, found in "/home/terence/finalyear/IndividualProject/code/OpenCV/opencv-2.4.11/CMakeFiles/2.8.12.2/CompilerIdC/a.out"

Determining if the CXX compiler works passed with the following output:
Change Dir: /home/terence/finalyear/IndividualProject/code/OpenCV/opencv-2.4.11/CMakeFiles/CMakeTmp

Run Build Command:/usr/bin/make "cmTryCompileExec2437697588/fast"
/usr/bin/make -f CMakeFiles/cmTryCompileExec2437697588.dir/build.make CMakeFiles/cmTryCompileExec2437697588.dir/build
make[1]: Entering directory `/home/terence/finalyear/IndividualProject/code/OpenCV/opencv-2.4.11/CMakeFiles/CMakeTmp'
/usr/bin/cmake -E cmake_progress_report /home/terence/finalyear/IndividualProject/code/OpenCV/opencv-2.4.11/CMakeFiles/CMakeTmp/CMakeFiles 1
Building CXX object CMakeFiles/cmTryCompileExec2437697588.dir/testCXXCompiler.cxx.o
/usr/bin/c++     -o CMakeFiles/cmTryCompileExec2437697588.dir/testCXXCompiler.cxx.o -c /home/terence/finalyear/IndividualProject/code/OpenCV/opencv-2.4.11/CMakeFiles/CMakeTmp/testCXXCompiler.cxx
Linking CXX executable cmTryCompileExec2437697588
/usr/bin/cmake -E cmake_link_script CMakeFiles/cmTryCompileExec2437697588.dir/link.txt --verbose=1
/usr/bin/c++        CMakeFiles/cmTryCompileExec2437697588.dir/testCXXCompiler.cxx.o  -o cmTryCompileExec2437697588 -rdynamic 
make[1]: Leaving directory `/home/terence/finalyear/IndividualProject/code/OpenCV/opencv-2.4.11/CMakeFiles/CMakeTmp'


Detecting CXX compiler ABI info compiled with the following output:
Change Dir: /home/terence/finalyear/IndividualProject/code/OpenCV/opencv-2.4.11/CMakeFiles/CMakeTmp

Run Build Command:/usr/bin/make "cmTryCompileExec3360616194/fast"
/usr/bin/make -f CMakeFiles/cmTryCompileExec3360616194.dir/build.make CMakeFiles/cmTryCompileExec3360616194.dir/build
make[1]: Entering directory `/home/terence/finalyear/IndividualProject/code/OpenCV/opencv-2.4.11/CMakeFiles/CMakeTmp'
/usr/bin/cmake -E cmake_progress_report /home/terence/finalyear/IndividualProject/code/OpenCV/opencv-2.4.11/CMakeFiles/CMakeTmp/CMakeFiles 1
Building CXX object CMakeFiles/cmTryCompileExec3360616194.dir/CMakeCXXCompilerABI.cpp.o
/usr/bin/c++     -o CMakeFiles/cmTryCompileExec3360616194.dir/CMakeCXXCompilerABI.cpp.o -c /usr/share/cmake-2.8/Modules/CMakeCXXCompilerABI.cpp
Linking CXX executable cmTryCompileExec3360616194
/usr/bin/cmake -E cmake_link_script CMakeFiles/cmTryCompileExec3360616194.dir/link.txt --verbose=1
/usr/bin/c++      -v CMakeFiles/cmTryCompileExec3360616194.dir/CMakeCXXCompilerABI.cpp.o  -o cmTryCompileExec3360616194 -rdynamic  
Using built-in specs.
COLLECT_GCC=/usr/bin/c++
COLLECT_LTO_WRAPPER=/usr/lib/gcc/x86_64-linux-gnu/4.8/lto-wrapper
Target: x86_64-linux-gnu
Configured with: ../src/configure -v --with-pkgversion='Ubuntu 4.8.2-19ubuntu1' --with-bugurl=file:///usr/share/doc/gcc-4.8/README.Bugs --enable-languages=c,c++,java,go,d,fortran,objc,obj-c++ --prefix=/usr --program-suffix=-4.8 --enable-shared --enable-linker-build-id --libexecdir=/usr/lib --without-included-gettext --enable-threads=posix --with-gxx-include-dir=/usr/include/c++/4.8 --libdir=/usr/lib --enable-nls --with-sysroot=/ --enable-clocale=gnu --enable-libstdcxx-debug --enable-libstdcxx-time=yes --enable-gnu-unique-object --disable-libmudflap --enable-plugin --with-system-zlib --disable-browser-plugin --enable-java-awt=gtk --enable-gtk-cairo --with-java-home=/usr/lib/jvm/java-1.5.0-gcj-4.8-amd64/jre --enable-java-home --with-jvm-root-dir=/usr/lib/jvm/java-1.5.0-gcj-4.8-amd64 --with-jvm-jar-dir=/usr/lib/jvm-exports/java-1.5.0-gcj-4.8-amd64 --with-arch-directory=amd64 --with-ecj-jar=/usr/share/java/eclipse-ecj.jar --enable-objc-gc --enable-multiarch --disable-werror --with-arch-32=i686 --with-abi=m64 --with-multilib-list=m32,m64,mx32 --with-tune=generic --enable-checking=release --build=x86_64-linux-gnu --host=x86_64-linux-gnu --target=x86_64-linux-gnu
Thread model: posix
gcc version 4.8.2 (Ubuntu 4.8.2-19ubuntu1) 
COMPILER_PATH=/usr/lib/gcc/x86_64-linux-gnu/4.8/:/usr/lib/gcc/x86_64-linux-gnu/4.8/:/usr/lib/gcc/x86_64-linux-gnu/:/usr/lib/gcc/x86_64-linux-gnu/4.8/:/usr/lib/gcc/x86_64-linux-gnu/
LIBRARY_PATH=/usr/lib/gcc/x86_64-linux-gnu/4.8/:/usr/lib/gcc/x86_64-linux-gnu/4.8/../../../x86_64-linux-gnu/:/usr/lib/gcc/x86_64-linux-gnu/4.8/../../../../lib/:/lib/x86_64-linux-gnu/:/lib/../lib/:/usr/lib/x86_64-linux-gnu/:/usr/lib/../lib/:/usr/lib/gcc/x86_64-linux-gnu/4.8/../../../:/lib/:/usr/lib/
COLLECT_GCC_OPTIONS='-v' '-o' 'cmTryCompileExec3360616194' '-rdynamic' '-shared-libgcc' '-mtune=generic' '-march=x86-64'
 /usr/lib/gcc/x86_64-linux-gnu/4.8/collect2 --sysroot=/ --build-id --eh-frame-hdr -m elf_x86_64 --hash-style=gnu --as-needed -export-dynamic -dynamic-linker /lib64/ld-linux-x86-64.so.2 -z relro -o cmTryCompileExec3360616194 /usr/lib/gcc/x86_64-linux-gnu/4.8/../../../x86_64-linux-gnu/crt1.o /usr/lib/gcc/x86_64-linux-gnu/4.8/../../../x86_64-linux-gnu/crti.o /usr/lib/gcc/x86_64-linux-gnu/4.8/crtbegin.o -L/usr/lib/gcc/x86_64-linux-gnu/4.8 -L/usr/lib/gcc/x86_64-linux-gnu/4.8/../../../x86_64-linux-gnu -L/usr/lib/gcc/x86_64-linux-gnu/4.8/../../../../lib -L/lib/x86_64-linux-gnu -L/lib/../lib -L/usr/lib/x86_64-linux-gnu -L/usr/lib/../lib -L/usr/lib/gcc/x86_64-linux-gnu/4.8/../../.. CMakeFiles/cmTryCompileExec3360616194.dir/CMakeCXXCompilerABI.cpp.o -lstdc++ -lm -lgcc_s -lgcc -lc -lgcc_s -lgcc /usr/lib/gcc/x86_64-linux-gnu/4.8/crtend.o /usr/lib/gcc/x86_64-linux-gnu/4.8/../../../x86_64-linux-gnu/crtn.o
make[1]: Leaving directory `/home/terence/finalyear/IndividualProject/code/OpenCV/opencv-2.4.11/CMakeFiles/CMakeTmp'


Parsed CXX implicit link information from above output:
  link line regex: [^( *|.*[/\])(ld|([^/\]+-)?ld|collect2)[^/\]*( |$)]
  ignore line: [Change Dir: /home/terence/finalyear/IndividualProject/code/OpenCV/opencv-2.4.11/CMakeFiles/CMakeTmp]
  ignore line: []
  ignore line: [Run Build Command:/usr/bin/make "cmTryCompileExec3360616194/fast"]
  ignore line: [/usr/bin/make -f CMakeFiles/cmTryCompileExec3360616194.dir/build.make CMakeFiles/cmTryCompileExec3360616194.dir/build]
  ignore line: [make[1]: Entering directory `/home/terence/finalyear/IndividualProject/code/OpenCV/opencv-2.4.11/CMakeFiles/CMakeTmp']
  ignore line: [/usr/bin/cmake -E cmake_progress_report /home/terence/finalyear/IndividualProject/code/OpenCV/opencv-2.4.11/CMakeFiles/CMakeTmp/CMakeFiles 1]
  ignore line: [Building CXX object CMakeFiles/cmTryCompileExec3360616194.dir/CMakeCXXCompilerABI.cpp.o]
  ignore line: [/usr/bin/c++     -o CMakeFiles/cmTryCompileExec3360616194.dir/CMakeCXXCompilerABI.cpp.o -c /usr/share/cmake-2.8/Modules/CMakeCXXCompilerABI.cpp]
  ignore line: [Linking CXX executable cmTryCompileExec3360616194]
  ignore line: [/usr/bin/cmake -E cmake_link_script CMakeFiles/cmTryCompileExec3360616194.dir/link.txt --verbose=1]
  ignore line: [/usr/bin/c++      -v CMakeFiles/cmTryCompileExec3360616194.dir/CMakeCXXCompilerABI.cpp.o  -o cmTryCompileExec3360616194 -rdynamic  ]
  ignore line: [Using built-in specs.]
  ignore line: [COLLECT_GCC=/usr/bin/c++]
  ignore line: [COLLECT_LTO_WRAPPER=/usr/lib/gcc/x86_64-linux-gnu/4.8/lto-wrapper]
  ignore line: [Target: x86_64-linux-gnu]
  ignore line: [Configured with: ../src/configure -v --with-pkgversion='Ubuntu 4.8.2-19ubuntu1' --with-bugurl=file:///usr/share/doc/gcc-4.8/README.Bugs --enable-languages=c,c++,java,go,d,fortran,objc,obj-c++ --prefix=/usr --program-suffix=-4.8 --enable-shared --enable-linker-build-id --libexecdir=/usr/lib --without-included-gettext --enable-threads=posix --with-gxx-include-dir=/usr/include/c++/4.8 --libdir=/usr/lib --enable-nls --with-sysroot=/ --enable-clocale=gnu --enable-libstdcxx-debug --enable-libstdcxx-time=yes --enable-gnu-unique-object --disable-libmudflap --enable-plugin --with-system-zlib --disable-browser-plugin --enable-java-awt=gtk --enable-gtk-cairo --with-java-home=/usr/lib/jvm/java-1.5.0-gcj-4.8-amd64/jre --enable-java-home --with-jvm-root-dir=/usr/lib/jvm/java-1.5.0-gcj-4.8-amd64 --with-jvm-jar-dir=/usr/lib/jvm-exports/java-1.5.0-gcj-4.8-amd64 --with-arch-directory=amd64 --with-ecj-jar=/usr/share/java/eclipse-ecj.jar --enable-objc-gc --enable-multiarch --disable-werror --with-arch-32=i686 --with-abi=m64 --with-multilib-list=m32,m64,mx32 --with-tune=generic --enable-checking=release --build=x86_64-linux-gnu --host=x86_64-linux-gnu --target=x86_64-linux-gnu]
  ignore line: [Thread model: posix]
  ignore line: [gcc version 4.8.2 (Ubuntu 4.8.2-19ubuntu1) ]
  ignore line: [COMPILER_PATH=/usr/lib/gcc/x86_64-linux-gnu/4.8/:/usr/lib/gcc/x86_64-linux-gnu/4.8/:/usr/lib/gcc/x86_64-linux-gnu/:/usr/lib/gcc/x86_64-linux-gnu/4.8/:/usr/lib/gcc/x86_64-linux-gnu/]
  ignore line: [LIBRARY_PATH=/usr/lib/gcc/x86_64-linux-gnu/4.8/:/usr/lib/gcc/x86_64-linux-gnu/4.8/../../../x86_64-linux-gnu/:/usr/lib/gcc/x86_64-linux-gnu/4.8/../../../../lib/:/lib/x86_64-linux-gnu/:/lib/../lib/:/usr/lib/x86_64-linux-gnu/:/usr/lib/../lib/:/usr/lib/gcc/x86_64-linux-gnu/4.8/../../../:/lib/:/usr/lib/]
  ignore line: [COLLECT_GCC_OPTIONS='-v' '-o' 'cmTryCompileExec3360616194' '-rdynamic' '-shared-libgcc' '-mtune=generic' '-march=x86-64']
  link line: [ /usr/lib/gcc/x86_64-linux-gnu/4.8/collect2 --sysroot=/ --build-id --eh-frame-hdr -m elf_x86_64 --hash-style=gnu --as-needed -export-dynamic -dynamic-linker /lib64/ld-linux-x86-64.so.2 -z relro -o cmTryCompileExec3360616194 /usr/lib/gcc/x86_64-linux-gnu/4.8/../../../x86_64-linux-gnu/crt1.o /usr/lib/gcc/x86_64-linux-gnu/4.8/../../../x86_64-linux-gnu/crti.o /usr/lib/gcc/x86_64-linux-gnu/4.8/crtbegin.o -L/usr/lib/gcc/x86_64-linux-gnu/4.8 -L/usr/lib/gcc/x86_64-linux-gnu/4.8/../../../x86_64-linux-gnu -L/usr/lib/gcc/x86_64-linux-gnu/4.8/../../../../lib -L/lib/x86_64-linux-gnu -L/lib/../lib -L/usr/lib/x86_64-linux-gnu -L/usr/lib/../lib -L/usr/lib/gcc/x86_64-linux-gnu/4.8/../../.. CMakeFiles/cmTryCompileExec3360616194.dir/CMakeCXXCompilerABI.cpp.o -lstdc++ -lm -lgcc_s -lgcc -lc -lgcc_s -lgcc /usr/lib/gcc/x86_64-linux-gnu/4.8/crtend.o /usr/lib/gcc/x86_64-linux-gnu/4.8/../../../x86_64-linux-gnu/crtn.o]
    arg [/usr/lib/gcc/x86_64-linux-gnu/4.8/collect2] ==> ignore
    arg [--sysroot=/] ==> ignore
    arg [--build-id] ==> ignore
    arg [--eh-frame-hdr] ==> ignore
    arg [-m] ==> ignore
    arg [elf_x86_64] ==> ignore
    arg [--hash-style=gnu] ==> ignore
    arg [--as-needed] ==> ignore
    arg [-export-dynamic] ==> ignore
    arg [-dynamic-linker] ==> ignore
    arg [/lib64/ld-linux-x86-64.so.2] ==> ignore
    arg [-zrelro] ==> ignore
    arg [-o] ==> ignore
    arg [cmTryCompileExec3360616194] ==> ignore
    arg [/usr/lib/gcc/x86_64-linux-gnu/4.8/../../../x86_64-linux-gnu/crt1.o] ==> ignore
    arg [/usr/lib/gcc/x86_64-linux-gnu/4.8/../../../x86_64-linux-gnu/crti.o] ==> ignore
    arg [/usr/lib/gcc/x86_64-linux-gnu/4.8/crtbegin.o] ==> ignore
    arg [-L/usr/lib/gcc/x86_64-linux-gnu/4.8] ==> dir [/usr/lib/gcc/x86_64-linux-gnu/4.8]
    arg [-L/usr/lib/gcc/x86_64-linux-gnu/4.8/../../../x86_64-linux-gnu] ==> dir [/usr/lib/gcc/x86_64-linux-gnu/4.8/../../../x86_64-linux-gnu]
    arg [-L/usr/lib/gcc/x86_64-linux-gnu/4.8/../../../../lib] ==> dir [/usr/lib/gcc/x86_64-linux-gnu/4.8/../../../../lib]
    arg [-L/lib/x86_64-linux-gnu] ==> dir [/lib/x86_64-linux-gnu]
    arg [-L/lib/../lib] ==> dir [/lib/../lib]
    arg [-L/usr/lib/x86_64-linux-gnu] ==> dir [/usr/lib/x86_64-linux-gnu]
    arg [-L/usr/lib/../lib] ==> dir [/usr/lib/../lib]
    arg [-L/usr/lib/gcc/x86_64-linux-gnu/4.8/../../..] ==> dir [/usr/lib/gcc/x86_64-linux-gnu/4.8/../../..]
    arg [CMakeFiles/cmTryCompileExec3360616194.dir/CMakeCXXCompilerABI.cpp.o] ==> ignore
    arg [-lstdc++] ==> lib [stdc++]
    arg [-lm] ==> lib [m]
    arg [-lgcc_s] ==> lib [gcc_s]
    arg [-lgcc] ==> lib [gcc]
    arg [-lc] ==> lib [c]
    arg [-lgcc_s] ==> lib [gcc_s]
    arg [-lgcc] ==> lib [gcc]
    arg [/usr/lib/gcc/x86_64-linux-gnu/4.8/crtend.o] ==> ignore
    arg [/usr/lib/gcc/x86_64-linux-gnu/4.8/../../../x86_64-linux-gnu/crtn.o] ==> ignore
  remove lib [gcc_s]
  remove lib [gcc]
  remove lib [gcc_s]
  remove lib [gcc]
  collapse library dir [/usr/lib/gcc/x86_64-linux-gnu/4.8] ==> [/usr/lib/gcc/x86_64-linux-gnu/4.8]
  collapse library dir [/usr/lib/gcc/x86_64-linux-gnu/4.8/../../../x86_64-linux-gnu] ==> [/usr/lib/x86_64-linux-gnu]
  collapse library dir [/usr/lib/gcc/x86_64-linux-gnu/4.8/../../../../lib] ==> [/usr/lib]
  collapse library dir [/lib/x86_64-linux-gnu] ==> [/lib/x86_64-linux-gnu]
  collapse library dir [/lib/../lib] ==> [/lib]
  collapse library dir [/usr/lib/x86_64-linux-gnu] ==> [/usr/lib/x86_64-linux-gnu]
  collapse library dir [/usr/lib/../lib] ==> [/usr/lib]
  collapse library dir [/usr/lib/gcc/x86_64-linux-gnu/4.8/../../..] ==> [/usr/lib]
  implicit libs: [stdc++;m;c]
  implicit dirs: [/usr/lib/gcc/x86_64-linux-gnu/4.8;/usr/lib/x86_64-linux-gnu;/usr/lib;/lib/x86_64-linux-gnu;/lib]
  implicit fwks: []


Determining if the C compiler works passed with the following output:
Change Dir: /home/terence/finalyear/IndividualProject/code/OpenCV/opencv-2.4.11/CMakeFiles/CMakeTmp

Run Build Command:/usr/bin/make "cmTryCompileExec664659507/fast"
/usr/bin/make -f CMakeFiles/cmTryCompileExec664659507.dir/build.make CMakeFiles/cmTryCompileExec664659507.dir/build
make[1]: Entering directory `/home/terence/finalyear/IndividualProject/code/OpenCV/opencv-2.4.11/CMakeFiles/CMakeTmp'
/usr/bin/cmake -E cmake_progress_report /home/terence/finalyear/IndividualProject/code/OpenCV/opencv-2.4.11/CMakeFiles/CMakeTmp/CMakeFiles 1
Building C object CMakeFiles/cmTryCompileExec664659507.dir/testCCompiler.c.o
/usr/bin/cc    -o CMakeFiles/cmTryCompileExec664659507.dir/testCCompiler.c.o   -c /home/terence/finalyear/IndividualProject/code/OpenCV/opencv-2.4.11/CMakeFiles/CMakeTmp/testCCompiler.c
Linking C executable cmTryCompileExec664659507
/usr/bin/cmake -E cmake_link_script CMakeFiles/cmTryCompileExec664659507.dir/link.txt --verbose=1
/usr/bin/cc       CMakeFiles/cmTryCompileExec664659507.dir/testCCompiler.c.o  -o cmTryCompileExec664659507 -rdynamic 
make[1]: Leaving directory `/home/terence/finalyear/IndividualProject/code/OpenCV/opencv-2.4.11/CMakeFiles/CMakeTmp'


Detecting C compiler ABI info compiled with the following output:
Change Dir: /home/terence/finalyear/IndividualProject/code/OpenCV/opencv-2.4.11/CMakeFiles/CMakeTmp

Run Build Command:/usr/bin/make "cmTryCompileExec2795426203/fast"
/usr/bin/make -f CMakeFiles/cmTryCompileExec2795426203.dir/build.make CMakeFiles/cmTryCompileExec2795426203.dir/build
make[1]: Entering directory `/home/terence/finalyear/IndividualProject/code/OpenCV/opencv-2.4.11/CMakeFiles/CMakeTmp'
/usr/bin/cmake -E cmake_progress_report /home/terence/finalyear/IndividualProject/code/OpenCV/opencv-2.4.11/CMakeFiles/CMakeTmp/CMakeFiles 1
Building C object CMakeFiles/cmTryCompileExec2795426203.dir/CMakeCCompilerABI.c.o
/usr/bin/cc    -o CMakeFiles/cmTryCompileExec2795426203.dir/CMakeCCompilerABI.c.o   -c /usr/share/cmake-2.8/Modules/CMakeCCompilerABI.c
Linking C executable cmTryCompileExec2795426203
/usr/bin/cmake -E cmake_link_script CMakeFiles/cmTryCompileExec2795426203.dir/link.txt --verbose=1
/usr/bin/cc     -v CMakeFiles/cmTryCompileExec2795426203.dir/CMakeCCompilerABI.c.o  -o cmTryCompileExec2795426203 -rdynamic  
Using built-in specs.
COLLECT_GCC=/usr/bin/cc
COLLECT_LTO_WRAPPER=/usr/lib/gcc/x86_64-linux-gnu/4.8/lto-wrapper
Target: x86_64-linux-gnu
Configured with: ../src/configure -v --with-pkgversion='Ubuntu 4.8.2-19ubuntu1' --with-bugurl=file:///usr/share/doc/gcc-4.8/README.Bugs --enable-languages=c,c++,java,go,d,fortran,objc,obj-c++ --prefix=/usr --program-suffix=-4.8 --enable-shared --enable-linker-build-id --libexecdir=/usr/lib --without-included-gettext --enable-threads=posix --with-gxx-include-dir=/usr/include/c++/4.8 --libdir=/usr/lib --enable-nls --with-sysroot=/ --enable-clocale=gnu --enable-libstdcxx-debug --enable-libstdcxx-time=yes --enable-gnu-unique-object --disable-libmudflap --enable-plugin --with-system-zlib --disable-browser-plugin --enable-java-awt=gtk --enable-gtk-cairo --with-java-home=/usr/lib/jvm/java-1.5.0-gcj-4.8-amd64/jre --enable-java-home --with-jvm-root-dir=/usr/lib/jvm/java-1.5.0-gcj-4.8-amd64 --with-jvm-jar-dir=/usr/lib/jvm-exports/java-1.5.0-gcj-4.8-amd64 --with-arch-directory=amd64 --with-ecj-jar=/usr/share/java/eclipse-ecj.jar --enable-objc-gc --enable-multiarch --disable-werror --with-arch-32=i686 --with-abi=m64 --with-multilib-list=m32,m64,mx32 --with-tune=generic --enable-checking=release --build=x86_64-linux-gnu --host=x86_64-linux-gnu --target=x86_64-linux-gnu
Thread model: posix
gcc version 4.8.2 (Ubuntu 4.8.2-19ubuntu1) 
COMPILER_PATH=/usr/lib/gcc/x86_64-linux-gnu/4.8/:/usr/lib/gcc/x86_64-linux-gnu/4.8/:/usr/lib/gcc/x86_64-linux-gnu/:/usr/lib/gcc/x86_64-linux-gnu/4.8/:/usr/lib/gcc/x86_64-linux-gnu/
LIBRARY_PATH=/usr/lib/gcc/x86_64-linux-gnu/4.8/:/usr/lib/gcc/x86_64-linux-gnu/4.8/../../../x86_64-linux-gnu/:/usr/lib/gcc/x86_64-linux-gnu/4.8/../../../../lib/:/lib/x86_64-linux-gnu/:/lib/../lib/:/usr/lib/x86_64-linux-gnu/:/usr/lib/../lib/:/usr/lib/gcc/x86_64-linux-gnu/4.8/../../../:/lib/:/usr/lib/
COLLECT_GCC_OPTIONS='-v' '-o' 'cmTryCompileExec2795426203' '-rdynamic' '-mtune=generic' '-march=x86-64'
 /usr/lib/gcc/x86_64-linux-gnu/4.8/collect2 --sysroot=/ --build-id --eh-frame-hdr -m elf_x86_64 --hash-style=gnu --as-needed -export-dynamic -dynamic-linker /lib64/ld-linux-x86-64.so.2 -z relro -o cmTryCompileExec2795426203 /usr/lib/gcc/x86_64-linux-gnu/4.8/../../../x86_64-linux-gnu/crt1.o /usr/lib/gcc/x86_64-linux-gnu/4.8/../../../x86_64-linux-gnu/crti.o /usr/lib/gcc/x86_64-linux-gnu/4.8/crtbegin.o -L/usr/lib/gcc/x86_64-linux-gnu/4.8 -L/usr/lib/gcc/x86_64-linux-gnu/4.8/../../../x86_64-linux-gnu -L/usr/lib/gcc/x86_64-linux-gnu/4.8/../../../../lib -L/lib/x86_64-linux-gnu -L/lib/../lib -L/usr/lib/x86_64-linux-gnu -L/usr/lib/../lib -L/usr/lib/gcc/x86_64-linux-gnu/4.8/../../.. CMakeFiles/cmTryCompileExec2795426203.dir/CMakeCCompilerABI.c.o -lgcc --as-needed -lgcc_s --no-as-needed -lc -lgcc --as-needed -lgcc_s --no-as-needed /usr/lib/gcc/x86_64-linux-gnu/4.8/crtend.o /usr/lib/gcc/x86_64-linux-gnu/4.8/../../../x86_64-linux-gnu/crtn.o
make[1]: Leaving directory `/home/terence/finalyear/IndividualProject/code/OpenCV/opencv-2.4.11/CMakeFiles/CMakeTmp'


Parsed C implicit link information from above output:
  link line regex: [^( *|.*[/\])(ld|([^/\]+-)?ld|collect2)[^/\]*( |$)]
  ignore line: [Change Dir: /home/terence/finalyear/IndividualProject/code/OpenCV/opencv-2.4.11/CMakeFiles/CMakeTmp]
  ignore line: []
  ignore line: [Run Build Command:/usr/bin/make "cmTryCompileExec2795426203/fast"]
  ignore line: [/usr/bin/make -f CMakeFiles/cmTryCompileExec2795426203.dir/build.make CMakeFiles/cmTryCompileExec2795426203.dir/build]
  ignore line: [make[1]: Entering directory `/home/terence/finalyear/IndividualProject/code/OpenCV/opencv-2.4.11/CMakeFiles/CMakeTmp']
  ignore line: [/usr/bin/cmake -E cmake_progress_report /home/terence/finalyear/IndividualProject/code/OpenCV/opencv-2.4.11/CMakeFiles/CMakeTmp/CMakeFiles 1]
  ignore line: [Building C object CMakeFiles/cmTryCompileExec2795426203.dir/CMakeCCompilerABI.c.o]
  ignore line: [/usr/bin/cc    -o CMakeFiles/cmTryCompileExec2795426203.dir/CMakeCCompilerABI.c.o   -c /usr/share/cmake-2.8/Modules/CMakeCCompilerABI.c]
  ignore line: [Linking C executable cmTryCompileExec2795426203]
  ignore line: [/usr/bin/cmake -E cmake_link_script CMakeFiles/cmTryCompileExec2795426203.dir/link.txt --verbose=1]
  ignore line: [/usr/bin/cc     -v CMakeFiles/cmTryCompileExec2795426203.dir/CMakeCCompilerABI.c.o  -o cmTryCompileExec2795426203 -rdynamic  ]
  ignore line: [Using built-in specs.]
  ignore line: [COLLECT_GCC=/usr/bin/cc]
  ignore line: [COLLECT_LTO_WRAPPER=/usr/lib/gcc/x86_64-linux-gnu/4.8/lto-wrapper]
  ignore line: [Target: x86_64-linux-gnu]
  ignore line: [Configured with: ../src/configure -v --with-pkgversion='Ubuntu 4.8.2-19ubuntu1' --with-bugurl=file:///usr/share/doc/gcc-4.8/README.Bugs --enable-languages=c,c++,java,go,d,fortran,objc,obj-c++ --prefix=/usr --program-suffix=-4.8 --enable-shared --enable-linker-build-id --libexecdir=/usr/lib --without-included-gettext --enable-threads=posix --with-gxx-include-dir=/usr/include/c++/4.8 --libdir=/usr/lib --enable-nls --with-sysroot=/ --enable-clocale=gnu --enable-libstdcxx-debug --enable-libstdcxx-time=yes --enable-gnu-unique-object --disable-libmudflap --enable-plugin --with-system-zlib --disable-browser-plugin --enable-java-awt=gtk --enable-gtk-cairo --with-java-home=/usr/lib/jvm/java-1.5.0-gcj-4.8-amd64/jre --enable-java-home --with-jvm-root-dir=/usr/lib/jvm/java-1.5.0-gcj-4.8-amd64 --with-jvm-jar-dir=/usr/lib/jvm-exports/java-1.5.0-gcj-4.8-amd64 --with-arch-directory=amd64 --with-ecj-jar=/usr/share/java/eclipse-ecj.jar --enable-objc-gc --enable-multiarch --disable-werror --with-arch-32=i686 --with-abi=m64 --with-multilib-list=m32,m64,mx32 --with-tune=generic --enable-checking=release --build=x86_64-linux-gnu --host=x86_64-linux-gnu --target=x86_64-linux-gnu]
  ignore line: [Thread model: posix]
  ignore line: [gcc version 4.8.2 (Ubuntu 4.8.2-19ubuntu1) ]
  ignore line: [COMPILER_PATH=/usr/lib/gcc/x86_64-linux-gnu/4.8/:/usr/lib/gcc/x86_64-linux-gnu/4.8/:/usr/lib/gcc/x86_64-linux-gnu/:/usr/lib/gcc/x86_64-linux-gnu/4.8/:/usr/lib/gcc/x86_64-linux-gnu/]
  ignore line: [LIBRARY_PATH=/usr/lib/gcc/x86_64-linux-gnu/4.8/:/usr/lib/gcc/x86_64-linux-gnu/4.8/../../../x86_64-linux-gnu/:/usr/lib/gcc/x86_64-linux-gnu/4.8/../../../../lib/:/lib/x86_64-linux-gnu/:/lib/../lib/:/usr/lib/x86_64-linux-gnu/:/usr/lib/../lib/:/usr/lib/gcc/x86_64-linux-gnu/4.8/../../../:/lib/:/usr/lib/]
  ignore line: [COLLECT_GCC_OPTIONS='-v' '-o' 'cmTryCompileExec2795426203' '-rdynamic' '-mtune=generic' '-march=x86-64']
  link line: [ /usr/lib/gcc/x86_64-linux-gnu/4.8/collect2 --sysroot=/ --build-id --eh-frame-hdr -m elf_x86_64 --hash-style=gnu --as-needed -export-dynamic -dynamic-linker /lib64/ld-linux-x86-64.so.2 -z relro -o cmTryCompileExec2795426203 /usr/lib/gcc/x86_64-linux-gnu/4.8/../../../x86_64-linux-gnu/crt1.o /usr/lib/gcc/x86_64-linux-gnu/4.8/../../../x86_64-linux-gnu/crti.o /usr/lib/gcc/x86_64-linux-gnu/4.8/crtbegin.o -L/usr/lib/gcc/x86_64-linux-gnu/4.8 -L/usr/lib/gcc/x86_64-linux-gnu/4.8/../../../x86_64-linux-gnu -L/usr/lib/gcc/x86_64-linux-gnu/4.8/../../../../lib -L/lib/x86_64-linux-gnu -L/lib/../lib -L/usr/lib/x86_64-linux-gnu -L/usr/lib/../lib -L/usr/lib/gcc/x86_64-linux-gnu/4.8/../../.. CMakeFiles/cmTryCompileExec2795426203.dir/CMakeCCompilerABI.c.o -lgcc --as-needed -lgcc_s --no-as-needed -lc -lgcc --as-needed -lgcc_s --no-as-needed /usr/lib/gcc/x86_64-linux-gnu/4.8/crtend.o /usr/lib/gcc/x86_64-linux-gnu/4.8/../../../x86_64-linux-gnu/crtn.o]
    arg [/usr/lib/gcc/x86_64-linux-gnu/4.8/collect2] ==> ignore
    arg [--sysroot=/] ==> ignore
    arg [--build-id] ==> ignore
    arg [--eh-frame-hdr] ==> ignore
    arg [-m] ==> ignore
    arg [elf_x86_64] ==> ignore
    arg [--hash-style=gnu] ==> ignore
    arg [--as-needed] ==> ignore
    arg [-export-dynamic] ==> ignore
    arg [-dynamic-linker] ==> ignore
    arg [/lib64/ld-linux-x86-64.so.2] ==> ignore
    arg [-zrelro] ==> ignore
    arg [-o] ==> ignore
    arg [cmTryCompileExec2795426203] ==> ignore
    arg [/usr/lib/gcc/x86_64-linux-gnu/4.8/../../../x86_64-linux-gnu/crt1.o] ==> ignore
    arg [/usr/lib/gcc/x86_64-linux-gnu/4.8/../../../x86_64-linux-gnu/crti.o] ==> ignore
    arg [/usr/lib/gcc/x86_64-linux-gnu/4.8/crtbegin.o] ==> ignore
    arg [-L/usr/lib/gcc/x86_64-linux-gnu/4.8] ==> dir [/usr/lib/gcc/x86_64-linux-gnu/4.8]
    arg [-L/usr/lib/gcc/x86_64-linux-gnu/4.8/../../../x86_64-linux-gnu] ==> dir [/usr/lib/gcc/x86_64-linux-gnu/4.8/../../../x86_64-linux-gnu]
    arg [-L/usr/lib/gcc/x86_64-linux-gnu/4.8/../../../../lib] ==> dir [/usr/lib/gcc/x86_64-linux-gnu/4.8/../../../../lib]
    arg [-L/lib/x86_64-linux-gnu] ==> dir [/lib/x86_64-linux-gnu]
    arg [-L/lib/../lib] ==> dir [/lib/../lib]
    arg [-L/usr/lib/x86_64-linux-gnu] ==> dir [/usr/lib/x86_64-linux-gnu]
    arg [-L/usr/lib/../lib] ==> dir [/usr/lib/../lib]
    arg [-L/usr/lib/gcc/x86_64-linux-gnu/4.8/../../..] ==> dir [/usr/lib/gcc/x86_64-linux-gnu/4.8/../../..]
    arg [CMakeFiles/cmTryCompileExec2795426203.dir/CMakeCCompilerABI.c.o] ==> ignore
    arg [-lgcc] ==> lib [gcc]
    arg [--as-needed] ==> ignore
    arg [-lgcc_s] ==> lib [gcc_s]
    arg [--no-as-needed] ==> ignore
    arg [-lc] ==> lib [c]
    arg [-lgcc] ==> lib [gcc]
    arg [--as-needed] ==> ignore
    arg [-lgcc_s] ==> lib [gcc_s]
    arg [--no-as-needed] ==> ignore
    arg [/usr/lib/gcc/x86_64-linux-gnu/4.8/crtend.o] ==> ignore
    arg [/usr/lib/gcc/x86_64-linux-gnu/4.8/../../../x86_64-linux-gnu/crtn.o] ==> ignore
  remove lib [gcc]
  remove lib [gcc_s]
  remove lib [gcc]
  remove lib [gcc_s]
  collapse library dir [/usr/lib/gcc/x86_64-linux-gnu/4.8] ==> [/usr/lib/gcc/x86_64-linux-gnu/4.8]
  collapse library dir [/usr/lib/gcc/x86_64-linux-gnu/4.8/../../../x86_64-linux-gnu] ==> [/usr/lib/x86_64-linux-gnu]
  collapse library dir [/usr/lib/gcc/x86_64-linux-gnu/4.8/../../../../lib] ==> [/usr/lib]
  collapse library dir [/lib/x86_64-linux-gnu] ==> [/lib/x86_64-linux-gnu]
  collapse library dir [/lib/../lib] ==> [/lib]
  collapse library dir [/usr/lib/x86_64-linux-gnu] ==> [/usr/lib/x86_64-linux-gnu]
  collapse library dir [/usr/lib/../lib] ==> [/usr/lib]
  collapse library dir [/usr/lib/gcc/x86_64-linux-gnu/4.8/../../..] ==> [/usr/lib]
  implicit libs: [c]
  implicit dirs: [/usr/lib/gcc/x86_64-linux-gnu/4.8;/usr/lib/x86_64-linux-gnu;/usr/lib;/lib/x86_64-linux-gnu;/lib]
  implicit fwks: []


Determining if the include file pthread.h exists passed with the following output:
Change Dir: /home/terence/finalyear/IndividualProject/code/OpenCV/opencv-2.4.11/CMakeFiles/CMakeTmp

Run Build Command:/usr/bin/make "cmTryCompileExec1717810128/fast"
/usr/bin/make -f CMakeFiles/cmTryCompileExec1717810128.dir/build.make CMakeFiles/cmTryCompileExec1717810128.dir/build
make[1]: Entering directory `/home/terence/finalyear/IndividualProject/code/OpenCV/opencv-2.4.11/CMakeFiles/CMakeTmp'
/usr/bin/cmake -E cmake_progress_report /home/terence/finalyear/IndividualProject/code/OpenCV/opencv-2.4.11/CMakeFiles/CMakeTmp/CMakeFiles 1
Building C object CMakeFiles/cmTryCompileExec1717810128.dir/CheckIncludeFile.c.o
/usr/bin/cc   -fsigned-char -W -Wall -Werror=return-type -Werror=address -Werror=sequence-point -Wformat -Werror=format-security -Wmissing-declarations -Wmissing-prototypes -Wstrict-prototypes -Wundef -Winit-self -Wpointer-arith -Wshadow -Wno-narrowing -fdiagnostics-show-option -Wno-long-long -pthread -fomit-frame-pointer -msse -msse2 -msse3 -ffunction-sections  -O3 -DNDEBUG   -o CMakeFiles/cmTryCompileExec1717810128.dir/CheckIncludeFile.c.o   -c /home/terence/finalyear/IndividualProject/code/OpenCV/opencv-2.4.11/CMakeFiles/CMakeTmp/CheckIncludeFile.c
Linking C executable cmTryCompileExec1717810128
/usr/bin/cmake -E cmake_link_script CMakeFiles/cmTryCompileExec1717810128.dir/link.txt --verbose=1
/usr/bin/cc     -fsigned-char -W -Wall -Werror=return-type -Werror=address -Werror=sequence-point -Wformat -Werror=format-security -Wmissing-declarations -Wmissing-prototypes -Wstrict-prototypes -Wundef -Winit-self -Wpointer-arith -Wshadow -Wno-narrowing -fdiagnostics-show-option -Wno-long-long -pthread -fomit-frame-pointer -msse -msse2 -msse3 -ffunction-sections  -O3 -DNDEBUG    CMakeFiles/cmTryCompileExec1717810128.dir/CheckIncludeFile.c.o  -o cmTryCompileExec1717810128 -rdynamic 
make[1]: Leaving directory `/home/terence/finalyear/IndividualProject/code/OpenCV/opencv-2.4.11/CMakeFiles/CMakeTmp'


Determining if the include file sys/types.h exists passed with the following output:
Change Dir: /home/terence/finalyear/IndividualProject/code/OpenCV/opencv-2.4.11/CMakeFiles/CMakeTmp

Run Build Command:/usr/bin/make "cmTryCompileExec2832571453/fast"
/usr/bin/make -f CMakeFiles/cmTryCompileExec2832571453.dir/build.make CMakeFiles/cmTryCompileExec2832571453.dir/build
make[1]: Entering directory `/home/terence/finalyear/IndividualProject/code/OpenCV/opencv-2.4.11/CMakeFiles/CMakeTmp'
/usr/bin/cmake -E cmake_progress_report /home/terence/finalyear/IndividualProject/code/OpenCV/opencv-2.4.11/CMakeFiles/CMakeTmp/CMakeFiles 1
Building C object CMakeFiles/cmTryCompileExec2832571453.dir/CheckIncludeFile.c.o
/usr/bin/cc   -fsigned-char -W -Wall -Werror=return-type -Werror=address -Werror=sequence-point -Wformat -Werror=format-security -Wmissing-declarations -Wmissing-prototypes -Wstrict-prototypes -Wundef -Winit-self -Wpointer-arith -Wshadow -Wno-narrowing -fdiagnostics-show-option -Wno-long-long -pthread -fomit-frame-pointer -msse -msse2 -msse3 -ffunction-sections  -O3 -DNDEBUG   -o CMakeFiles/cmTryCompileExec2832571453.dir/CheckIncludeFile.c.o   -c /home/terence/finalyear/IndividualProject/code/OpenCV/opencv-2.4.11/CMakeFiles/CMakeTmp/CheckIncludeFile.c
Linking C executable cmTryCompileExec2832571453
/usr/bin/cmake -E cmake_link_script CMakeFiles/cmTryCompileExec2832571453.dir/link.txt --verbose=1
/usr/bin/cc     -fsigned-char -W -Wall -Werror=return-type -Werror=address -Werror=sequence-point -Wformat -Werror=format-security -Wmissing-declarations -Wmissing-prototypes -Wstrict-prototypes -Wundef -Winit-self -Wpointer-arith -Wshadow -Wno-narrowing -fdiagnostics-show-option -Wno-long-long -pthread -fomit-frame-pointer -msse -msse2 -msse3 -ffunction-sections  -O3 -DNDEBUG    CMakeFiles/cmTryCompileExec2832571453.dir/CheckIncludeFile.c.o  -o cmTryCompileExec2832571453 -rdynamic 
make[1]: Leaving directory `/home/terence/finalyear/IndividualProject/code/OpenCV/opencv-2.4.11/CMakeFiles/CMakeTmp'


Determining if the include file stdint.h exists passed with the following output:
Change Dir: /home/terence/finalyear/IndividualProject/code/OpenCV/opencv-2.4.11/CMakeFiles/CMakeTmp

Run Build Command:/usr/bin/make "cmTryCompileExec3655280856/fast"
/usr/bin/make -f CMakeFiles/cmTryCompileExec3655280856.dir/build.make CMakeFiles/cmTryCompileExec3655280856.dir/build
make[1]: Entering directory `/home/terence/finalyear/IndividualProject/code/OpenCV/opencv-2.4.11/CMakeFiles/CMakeTmp'
/usr/bin/cmake -E cmake_progress_report /home/terence/finalyear/IndividualProject/code/OpenCV/opencv-2.4.11/CMakeFiles/CMakeTmp/CMakeFiles 1
Building C object CMakeFiles/cmTryCompileExec3655280856.dir/CheckIncludeFile.c.o
/usr/bin/cc   -fsigned-char -W -Wall -Werror=return-type -Werror=address -Werror=sequence-point -Wformat -Werror=format-security -Wmissing-declarations -Wmissing-prototypes -Wstrict-prototypes -Wundef -Winit-self -Wpointer-arith -Wshadow -Wno-narrowing -fdiagnostics-show-option -Wno-long-long -pthread -fomit-frame-pointer -msse -msse2 -msse3 -ffunction-sections  -O3 -DNDEBUG   -o CMakeFiles/cmTryCompileExec3655280856.dir/CheckIncludeFile.c.o   -c /home/terence/finalyear/IndividualProject/code/OpenCV/opencv-2.4.11/CMakeFiles/CMakeTmp/CheckIncludeFile.c
Linking C executable cmTryCompileExec3655280856
/usr/bin/cmake -E cmake_link_script CMakeFiles/cmTryCompileExec3655280856.dir/link.txt --verbose=1
/usr/bin/cc     -fsigned-char -W -Wall -Werror=return-type -Werror=address -Werror=sequence-point -Wformat -Werror=format-security -Wmissing-declarations -Wmissing-prototypes -Wstrict-prototypes -Wundef -Winit-self -Wpointer-arith -Wshadow -Wno-narrowing -fdiagnostics-show-option -Wno-long-long -pthread -fomit-frame-pointer -msse -msse2 -msse3 -ffunction-sections  -O3 -DNDEBUG    CMakeFiles/cmTryCompileExec3655280856.dir/CheckIncludeFile.c.o  -o cmTryCompileExec3655280856 -rdynamic 
make[1]: Leaving directory `/home/terence/finalyear/IndividualProject/code/OpenCV/opencv-2.4.11/CMakeFiles/CMakeTmp'


Determining if the include file stddef.h exists passed with the following output:
Change Dir: /home/terence/finalyear/IndividualProject/code/OpenCV/opencv-2.4.11/CMakeFiles/CMakeTmp

Run Build Command:/usr/bin/make "cmTryCompileExec2167785694/fast"
/usr/bin/make -f CMakeFiles/cmTryCompileExec2167785694.dir/build.make CMakeFiles/cmTryCompileExec2167785694.dir/build
make[1]: Entering directory `/home/terence/finalyear/IndividualProject/code/OpenCV/opencv-2.4.11/CMakeFiles/CMakeTmp'
/usr/bin/cmake -E cmake_progress_report /home/terence/finalyear/IndividualProject/code/OpenCV/opencv-2.4.11/CMakeFiles/CMakeTmp/CMakeFiles 1
Building C object CMakeFiles/cmTryCompileExec2167785694.dir/CheckIncludeFile.c.o
/usr/bin/cc   -fsigned-char -W -Wall -Werror=return-type -Werror=address -Werror=sequence-point -Wformat -Werror=format-security -Wmissing-declarations -Wmissing-prototypes -Wstrict-prototypes -Wundef -Winit-self -Wpointer-arith -Wshadow -Wno-narrowing -fdiagnostics-show-option -Wno-long-long -pthread -fomit-frame-pointer -msse -msse2 -msse3 -ffunction-sections  -O3 -DNDEBUG   -o CMakeFiles/cmTryCompileExec2167785694.dir/CheckIncludeFile.c.o   -c /home/terence/finalyear/IndividualProject/code/OpenCV/opencv-2.4.11/CMakeFiles/CMakeTmp/CheckIncludeFile.c
Linking C executable cmTryCompileExec2167785694
/usr/bin/cmake -E cmake_link_script CMakeFiles/cmTryCompileExec2167785694.dir/link.txt --verbose=1
/usr/bin/cc     -fsigned-char -W -Wall -Werror=return-type -Werror=address -Werror=sequence-point -Wformat -Werror=format-security -Wmissing-declarations -Wmissing-prototypes -Wstrict-prototypes -Wundef -Winit-self -Wpointer-arith -Wshadow -Wno-narrowing -fdiagnostics-show-option -Wno-long-long -pthread -fomit-frame-pointer -msse -msse2 -msse3 -ffunction-sections  -O3 -DNDEBUG    CMakeFiles/cmTryCompileExec2167785694.dir/CheckIncludeFile.c.o  -o cmTryCompileExec2167785694 -rdynamic 
make[1]: Leaving directory `/home/terence/finalyear/IndividualProject/code/OpenCV/opencv-2.4.11/CMakeFiles/CMakeTmp'


Determining size of unsigned short passed with the following output:
Change Dir: /home/terence/finalyear/IndividualProject/code/OpenCV/opencv-2.4.11/CMakeFiles/CMakeTmp

Run Build Command:/usr/bin/make "cmTryCompileExec3674608398/fast"
/usr/bin/make -f CMakeFiles/cmTryCompileExec3674608398.dir/build.make CMakeFiles/cmTryCompileExec3674608398.dir/build
make[1]: Entering directory `/home/terence/finalyear/IndividualProject/code/OpenCV/opencv-2.4.11/CMakeFiles/CMakeTmp'
/usr/bin/cmake -E cmake_progress_report /home/terence/finalyear/IndividualProject/code/OpenCV/opencv-2.4.11/CMakeFiles/CMakeTmp/CMakeFiles 1
Building C object CMakeFiles/cmTryCompileExec3674608398.dir/CMAKE_SIZEOF_UNSIGNED_SHORT.c.o
/usr/bin/cc   -fsigned-char -W -Wall -Werror=return-type -Werror=address -Werror=sequence-point -Wformat -Werror=format-security -Wmissing-declarations -Wmissing-prototypes -Wstrict-prototypes -Wundef -Winit-self -Wpointer-arith -Wshadow -Wno-narrowing -fdiagnostics-show-option -Wno-long-long -pthread -fomit-frame-pointer -msse -msse2 -msse3 -ffunction-sections  -O3 -DNDEBUG   -o CMakeFiles/cmTryCompileExec3674608398.dir/CMAKE_SIZEOF_UNSIGNED_SHORT.c.o   -c /home/terence/finalyear/IndividualProject/code/OpenCV/opencv-2.4.11/CMakeFiles/CheckTypeSize/CMAKE_SIZEOF_UNSIGNED_SHORT.c
Linking C executable cmTryCompileExec3674608398
/usr/bin/cmake -E cmake_link_script CMakeFiles/cmTryCompileExec3674608398.dir/link.txt --verbose=1
/usr/bin/cc     -fsigned-char -W -Wall -Werror=return-type -Werror=address -Werror=sequence-point -Wformat -Werror=format-security -Wmissing-declarations -Wmissing-prototypes -Wstrict-prototypes -Wundef -Winit-self -Wpointer-arith -Wshadow -Wno-narrowing -fdiagnostics-show-option -Wno-long-long -pthread -fomit-frame-pointer -msse -msse2 -msse3 -ffunction-sections  -O3 -DNDEBUG    CMakeFiles/cmTryCompileExec3674608398.dir/CMAKE_SIZEOF_UNSIGNED_SHORT.c.o  -o cmTryCompileExec3674608398 -rdynamic 
make[1]: Leaving directory `/home/terence/finalyear/IndividualProject/code/OpenCV/opencv-2.4.11/CMakeFiles/CMakeTmp'


Determining if the include file assert.h exists passed with the following output:
Change Dir: /home/terence/finalyear/IndividualProject/code/OpenCV/opencv-2.4.11/CMakeFiles/CMakeTmp

Run Build Command:/usr/bin/make "cmTryCompileExec935927308/fast"
/usr/bin/make -f CMakeFiles/cmTryCompileExec935927308.dir/build.make CMakeFiles/cmTryCompileExec935927308.dir/build
make[1]: Entering directory `/home/terence/finalyear/IndividualProject/code/OpenCV/opencv-2.4.11/CMakeFiles/CMakeTmp'
/usr/bin/cmake -E cmake_progress_report /home/terence/finalyear/IndividualProject/code/OpenCV/opencv-2.4.11/CMakeFiles/CMakeTmp/CMakeFiles 1
Building C object CMakeFiles/cmTryCompileExec935927308.dir/CheckIncludeFile.c.o
/usr/bin/cc   -fsigned-char -W -Wall -Werror=return-type -Werror=address -Werror=sequence-point -Wformat -Werror=format-security -Wmissing-declarations -Wmissing-prototypes -Wstrict-prototypes -Wundef -Winit-self -Wpointer-arith -Wshadow -Wno-narrowing -fdiagnostics-show-option -Wno-long-long -pthread -fomit-frame-pointer -msse -msse2 -msse3 -ffunction-sections  -O3 -DNDEBUG   -o CMakeFiles/cmTryCompileExec935927308.dir/CheckIncludeFile.c.o   -c /home/terence/finalyear/IndividualProject/code/OpenCV/opencv-2.4.11/CMakeFiles/CMakeTmp/CheckIncludeFile.c
Linking C executable cmTryCompileExec935927308
/usr/bin/cmake -E cmake_link_script CMakeFiles/cmTryCompileExec935927308.dir/link.txt --verbose=1
/usr/bin/cc     -fsigned-char -W -Wall -Werror=return-type -Werror=address -Werror=sequence-point -Wformat -Werror=format-security -Wmissing-declarations -Wmissing-prototypes -Wstrict-prototypes -Wundef -Winit-self -Wpointer-arith -Wshadow -Wno-narrowing -fdiagnostics-show-option -Wno-long-long -pthread -fomit-frame-pointer -msse -msse2 -msse3 -ffunction-sections  -O3 -DNDEBUG    CMakeFiles/cmTryCompileExec935927308.dir/CheckIncludeFile.c.o  -o cmTryCompileExec935927308 -rdynamic 
make[1]: Leaving directory `/home/terence/finalyear/IndividualProject/code/OpenCV/opencv-2.4.11/CMakeFiles/CMakeTmp'


Determining if the include file fcntl.h exists passed with the following output:
Change Dir: /home/terence/finalyear/IndividualProject/code/OpenCV/opencv-2.4.11/CMakeFiles/CMakeTmp

Run Build Command:/usr/bin/make "cmTryCompileExec1156534987/fast"
/usr/bin/make -f CMakeFiles/cmTryCompileExec1156534987.dir/build.make CMakeFiles/cmTryCompileExec1156534987.dir/build
make[1]: Entering directory `/home/terence/finalyear/IndividualProject/code/OpenCV/opencv-2.4.11/CMakeFiles/CMakeTmp'
/usr/bin/cmake -E cmake_progress_report /home/terence/finalyear/IndividualProject/code/OpenCV/opencv-2.4.11/CMakeFiles/CMakeTmp/CMakeFiles 1
Building C object CMakeFiles/cmTryCompileExec1156534987.dir/CheckIncludeFile.c.o
/usr/bin/cc   -fsigned-char -W -Wall -Werror=return-type -Werror=address -Werror=sequence-point -Wformat -Werror=format-security -Wmissing-declarations -Wmissing-prototypes -Wstrict-prototypes -Wundef -Winit-self -Wpointer-arith -Wshadow -Wno-narrowing -fdiagnostics-show-option -Wno-long-long -pthread -fomit-frame-pointer -msse -msse2 -msse3 -ffunction-sections  -O3 -DNDEBUG   -o CMakeFiles/cmTryCompileExec1156534987.dir/CheckIncludeFile.c.o   -c /home/terence/finalyear/IndividualProject/code/OpenCV/opencv-2.4.11/CMakeFiles/CMakeTmp/CheckIncludeFile.c
Linking C executable cmTryCompileExec1156534987
/usr/bin/cmake -E cmake_link_script CMakeFiles/cmTryCompileExec1156534987.dir/link.txt --verbose=1
/usr/bin/cc     -fsigned-char -W -Wall -Werror=return-type -Werror=address -Werror=sequence-point -Wformat -Werror=format-security -Wmissing-declarations -Wmissing-prototypes -Wstrict-prototypes -Wundef -Winit-self -Wpointer-arith -Wshadow -Wno-narrowing -fdiagnostics-show-option -Wno-long-long -pthread -fomit-frame-pointer -msse -msse2 -msse3 -ffunction-sections  -O3 -DNDEBUG    CMakeFiles/cmTryCompileExec1156534987.dir/CheckIncludeFile.c.o  -o cmTryCompileExec1156534987 -rdynamic 
make[1]: Leaving directory `/home/terence/finalyear/IndividualProject/code/OpenCV/opencv-2.4.11/CMakeFiles/CMakeTmp'


Determining if the function mmap exists passed with the following output:
Change Dir: /home/terence/finalyear/IndividualProject/code/OpenCV/opencv-2.4.11/CMakeFiles/CMakeTmp

Run Build Command:/usr/bin/make "cmTryCompileExec3509217227/fast"
/usr/bin/make -f CMakeFiles/cmTryCompileExec3509217227.dir/build.make CMakeFiles/cmTryCompileExec3509217227.dir/build
make[1]: Entering directory `/home/terence/finalyear/IndividualProject/code/OpenCV/opencv-2.4.11/CMakeFiles/CMakeTmp'
/usr/bin/cmake -E cmake_progress_report /home/terence/finalyear/IndividualProject/code/OpenCV/opencv-2.4.11/CMakeFiles/CMakeTmp/CMakeFiles 1
Building C object CMakeFiles/cmTryCompileExec3509217227.dir/CheckFunctionExists.c.o
/usr/bin/cc   -fsigned-char -W -Wall -Werror=return-type -Werror=address -Werror=sequence-point -Wformat -Werror=format-security -Wmissing-declarations -Wmissing-prototypes -Wstrict-prototypes -Wundef -Winit-self -Wpointer-arith -Wshadow -Wno-narrowing -fdiagnostics-show-option -Wno-long-long -pthread -fomit-frame-pointer -msse -msse2 -msse3 -ffunction-sections -DCHECK_FUNCTION_EXISTS=mmap -O3 -DNDEBUG   -o CMakeFiles/cmTryCompileExec3509217227.dir/CheckFunctionExists.c.o   -c /usr/share/cmake-2.8/Modules/CheckFunctionExists.c
/usr/share/cmake-2.8/Modules/CheckFunctionExists.c:3:1: warning: function declaration isn’t a prototype [-Wstrict-prototypes]
 char CHECK_FUNCTION_EXISTS();
 ^
Linking C executable cmTryCompileExec3509217227
/usr/bin/cmake -E cmake_link_script CMakeFiles/cmTryCompileExec3509217227.dir/link.txt --verbose=1
/usr/bin/cc     -fsigned-char -W -Wall -Werror=return-type -Werror=address -Werror=sequence-point -Wformat -Werror=format-security -Wmissing-declarations -Wmissing-prototypes -Wstrict-prototypes -Wundef -Winit-self -Wpointer-arith -Wshadow -Wno-narrowing -fdiagnostics-show-option -Wno-long-long -pthread -fomit-frame-pointer -msse -msse2 -msse3 -ffunction-sections -DCHECK_FUNCTION_EXISTS=mmap -O3 -DNDEBUG    CMakeFiles/cmTryCompileExec3509217227.dir/CheckFunctionExists.c.o  -o cmTryCompileExec3509217227 -rdynamic 
make[1]: Leaving directory `/home/terence/finalyear/IndividualProject/code/OpenCV/opencv-2.4.11/CMakeFiles/CMakeTmp'


Determining if the include file search.h exists passed with the following output:
Change Dir: /home/terence/finalyear/IndividualProject/code/OpenCV/opencv-2.4.11/CMakeFiles/CMakeTmp

Run Build Command:/usr/bin/make "cmTryCompileExec2906715616/fast"
/usr/bin/make -f CMakeFiles/cmTryCompileExec2906715616.dir/build.make CMakeFiles/cmTryCompileExec2906715616.dir/build
make[1]: Entering directory `/home/terence/finalyear/IndividualProject/code/OpenCV/opencv-2.4.11/CMakeFiles/CMakeTmp'
/usr/bin/cmake -E cmake_progress_report /home/terence/finalyear/IndividualProject/code/OpenCV/opencv-2.4.11/CMakeFiles/CMakeTmp/CMakeFiles 1
Building C object CMakeFiles/cmTryCompileExec2906715616.dir/CheckIncludeFile.c.o
/usr/bin/cc   -fsigned-char -W -Wall -Werror=return-type -Werror=address -Werror=sequence-point -Wformat -Werror=format-security -Wmissing-declarations -Wmissing-prototypes -Wstrict-prototypes -Wundef -Winit-self -Wpointer-arith -Wshadow -Wno-narrowing -fdiagnostics-show-option -Wno-long-long -pthread -fomit-frame-pointer -msse -msse2 -msse3 -ffunction-sections  -O3 -DNDEBUG   -o CMakeFiles/cmTryCompileExec2906715616.dir/CheckIncludeFile.c.o   -c /home/terence/finalyear/IndividualProject/code/OpenCV/opencv-2.4.11/CMakeFiles/CMakeTmp/CheckIncludeFile.c
Linking C executable cmTryCompileExec2906715616
/usr/bin/cmake -E cmake_link_script CMakeFiles/cmTryCompileExec2906715616.dir/link.txt --verbose=1
/usr/bin/cc     -fsigned-char -W -Wall -Werror=return-type -Werror=address -Werror=sequence-point -Wformat -Werror=format-security -Wmissing-declarations -Wmissing-prototypes -Wstrict-prototypes -Wundef -Winit-self -Wpointer-arith -Wshadow -Wno-narrowing -fdiagnostics-show-option -Wno-long-long -pthread -fomit-frame-pointer -msse -msse2 -msse3 -ffunction-sections  -O3 -DNDEBUG    CMakeFiles/cmTryCompileExec2906715616.dir/CheckIncludeFile.c.o  -o cmTryCompileExec2906715616 -rdynamic 
make[1]: Leaving directory `/home/terence/finalyear/IndividualProject/code/OpenCV/opencv-2.4.11/CMakeFiles/CMakeTmp'


Determining if the include file string.h exists passed with the following output:
Change Dir: /home/terence/finalyear/IndividualProject/code/OpenCV/opencv-2.4.11/CMakeFiles/CMakeTmp

Run Build Command:/usr/bin/make "cmTryCompileExec2437627052/fast"
/usr/bin/make -f CMakeFiles/cmTryCompileExec2437627052.dir/build.make CMakeFiles/cmTryCompileExec2437627052.dir/build
make[1]: Entering directory `/home/terence/finalyear/IndividualProject/code/OpenCV/opencv-2.4.11/CMakeFiles/CMakeTmp'
/usr/bin/cmake -E cmake_progress_report /home/terence/finalyear/IndividualProject/code/OpenCV/opencv-2.4.11/CMakeFiles/CMakeTmp/CMakeFiles 1
Building C object CMakeFiles/cmTryCompileExec2437627052.dir/CheckIncludeFile.c.o
/usr/bin/cc   -fsigned-char -W -Wall -Werror=return-type -Werror=address -Werror=sequence-point -Wformat -Werror=format-security -Wmissing-declarations -Wmissing-prototypes -Wstrict-prototypes -Wundef -Winit-self -Wpointer-arith -Wshadow -Wno-narrowing -fdiagnostics-show-option -Wno-long-long -pthread -fomit-frame-pointer -msse -msse2 -msse3 -ffunction-sections  -O3 -DNDEBUG   -o CMakeFiles/cmTryCompileExec2437627052.dir/CheckIncludeFile.c.o   -c /home/terence/finalyear/IndividualProject/code/OpenCV/opencv-2.4.11/CMakeFiles/CMakeTmp/CheckIncludeFile.c
Linking C executable cmTryCompileExec2437627052
/usr/bin/cmake -E cmake_link_script CMakeFiles/cmTryCompileExec2437627052.dir/link.txt --verbose=1
/usr/bin/cc     -fsigned-char -W -Wall -Werror=return-type -Werror=address -Werror=sequence-point -Wformat -Werror=format-security -Wmissing-declarations -Wmissing-prototypes -Wstrict-prototypes -Wundef -Winit-self -Wpointer-arith -Wshadow -Wno-narrowing -fdiagnostics-show-option -Wno-long-long -pthread -fomit-frame-pointer -msse -msse2 -msse3 -ffunction-sections  -O3 -DNDEBUG    CMakeFiles/cmTryCompileExec2437627052.dir/CheckIncludeFile.c.o  -o cmTryCompileExec2437627052 -rdynamic 
make[1]: Leaving directory `/home/terence/finalyear/IndividualProject/code/OpenCV/opencv-2.4.11/CMakeFiles/CMakeTmp'


Determining if the include file unistd.h exists passed with the following output:
Change Dir: /home/terence/finalyear/IndividualProject/code/OpenCV/opencv-2.4.11/CMakeFiles/CMakeTmp

Run Build Command:/usr/bin/make "cmTryCompileExec1874489275/fast"
/usr/bin/make -f CMakeFiles/cmTryCompileExec1874489275.dir/build.make CMakeFiles/cmTryCompileExec1874489275.dir/build
make[1]: Entering directory `/home/terence/finalyear/IndividualProject/code/OpenCV/opencv-2.4.11/CMakeFiles/CMakeTmp'
/usr/bin/cmake -E cmake_progress_report /home/terence/finalyear/IndividualProject/code/OpenCV/opencv-2.4.11/CMakeFiles/CMakeTmp/CMakeFiles 1
Building C object CMakeFiles/cmTryCompileExec1874489275.dir/CheckIncludeFile.c.o
/usr/bin/cc   -fsigned-char -W -Wall -Werror=return-type -Werror=address -Werror=sequence-point -Wformat -Werror=format-security -Wmissing-declarations -Wmissing-prototypes -Wstrict-prototypes -Wundef -Winit-self -Wpointer-arith -Wshadow -Wno-narrowing -fdiagnostics-show-option -Wno-long-long -pthread -fomit-frame-pointer -msse -msse2 -msse3 -ffunction-sections  -O3 -DNDEBUG   -o CMakeFiles/cmTryCompileExec1874489275.dir/CheckIncludeFile.c.o   -c /home/terence/finalyear/IndividualProject/code/OpenCV/opencv-2.4.11/CMakeFiles/CMakeTmp/CheckIncludeFile.c
Linking C executable cmTryCompileExec1874489275
/usr/bin/cmake -E cmake_link_script CMakeFiles/cmTryCompileExec1874489275.dir/link.txt --verbose=1
/usr/bin/cc     -fsigned-char -W -Wall -Werror=return-type -Werror=address -Werror=sequence-point -Wformat -Werror=format-security -Wmissing-declarations -Wmissing-prototypes -Wstrict-prototypes -Wundef -Winit-self -Wpointer-arith -Wshadow -Wno-narrowing -fdiagnostics-show-option -Wno-long-long -pthread -fomit-frame-pointer -msse -msse2 -msse3 -ffunction-sections  -O3 -DNDEBUG    CMakeFiles/cmTryCompileExec1874489275.dir/CheckIncludeFile.c.o  -o cmTryCompileExec1874489275 -rdynamic 
make[1]: Leaving directory `/home/terence/finalyear/IndividualProject/code/OpenCV/opencv-2.4.11/CMakeFiles/CMakeTmp'


Determining if the include file semaphore.h exists passed with the following output:
Change Dir: /home/terence/finalyear/IndividualProject/code/OpenCV/opencv-2.4.11/CMakeFiles/CMakeTmp

Run Build Command:/usr/bin/make "cmTryCompileExec1404109893/fast"
/usr/bin/make -f CMakeFiles/cmTryCompileExec1404109893.dir/build.make CMakeFiles/cmTryCompileExec1404109893.dir/build
make[1]: Entering directory `/home/terence/finalyear/IndividualProject/code/OpenCV/opencv-2.4.11/CMakeFiles/CMakeTmp'
/usr/bin/cmake -E cmake_progress_report /home/terence/finalyear/IndividualProject/code/OpenCV/opencv-2.4.11/CMakeFiles/CMakeTmp/CMakeFiles 1
Building C object CMakeFiles/cmTryCompileExec1404109893.dir/CheckIncludeFile.c.o
/usr/bin/cc   -fsigned-char -W -Wall -Werror=return-type -Werror=address -Werror=sequence-point -Wformat -Werror=format-security -Wmissing-declarations -Wmissing-prototypes -Wstrict-prototypes -Wundef -Winit-self -Wpointer-arith -Wshadow -Wno-narrowing -fdiagnostics-show-option -Wno-long-long -pthread -fomit-frame-pointer -msse -msse2 -msse3 -ffunction-sections  -O3 -DNDEBUG   -o CMakeFiles/cmTryCompileExec1404109893.dir/CheckIncludeFile.c.o   -c /home/terence/finalyear/IndividualProject/code/OpenCV/opencv-2.4.11/CMakeFiles/CMakeTmp/CheckIncludeFile.c
Linking C executable cmTryCompileExec1404109893
/usr/bin/cmake -E cmake_link_script CMakeFiles/cmTryCompileExec1404109893.dir/link.txt --verbose=1
/usr/bin/cc     -fsigned-char -W -Wall -Werror=return-type -Werror=address -Werror=sequence-point -Wformat -Werror=format-security -Wmissing-declarations -Wmissing-prototypes -Wstrict-prototypes -Wundef -Winit-self -Wpointer-arith -Wshadow -Wno-narrowing -fdiagnostics-show-option -Wno-long-long -pthread -fomit-frame-pointer -msse -msse2 -msse3 -ffunction-sections  -O3 -DNDEBUG    CMakeFiles/cmTryCompileExec1404109893.dir/CheckIncludeFile.c.o  -o cmTryCompileExec1404109893 -rdynamic 
make[1]: Leaving directory `/home/terence/finalyear/IndividualProject/code/OpenCV/opencv-2.4.11/CMakeFiles/CMakeTmp'


Determining if the include file linux/videodev2.h exists passed with the following output:
Change Dir: /home/terence/finalyear/IndividualProject/code/OpenCV/opencv-2.4.11/CMakeFiles/CMakeTmp

Run Build Command:/usr/bin/make "cmTryCompileExec1217558956/fast"
/usr/bin/make -f CMakeFiles/cmTryCompileExec1217558956.dir/build.make CMakeFiles/cmTryCompileExec1217558956.dir/build
make[1]: Entering directory `/home/terence/finalyear/IndividualProject/code/OpenCV/opencv-2.4.11/CMakeFiles/CMakeTmp'
/usr/bin/cmake -E cmake_progress_report /home/terence/finalyear/IndividualProject/code/OpenCV/opencv-2.4.11/CMakeFiles/CMakeTmp/CMakeFiles 1
Building C object CMakeFiles/cmTryCompileExec1217558956.dir/CheckIncludeFile.c.o
/usr/bin/cc   -fsigned-char -W -Wall -Werror=return-type -Werror=address -Werror=sequence-point -Wformat -Werror=format-security -Wmissing-declarations -Wmissing-prototypes -Wstrict-prototypes -Wundef -Winit-self -Wpointer-arith -Wshadow -Wno-narrowing -fdiagnostics-show-option -Wno-long-long -pthread -fomit-frame-pointer -msse -msse2 -msse3 -ffunction-sections  -O3 -DNDEBUG   -o CMakeFiles/cmTryCompileExec1217558956.dir/CheckIncludeFile.c.o   -c /home/terence/finalyear/IndividualProject/code/OpenCV/opencv-2.4.11/CMakeFiles/CMakeTmp/CheckIncludeFile.c
Linking C executable cmTryCompileExec1217558956
/usr/bin/cmake -E cmake_link_script CMakeFiles/cmTryCompileExec1217558956.dir/link.txt --verbose=1
/usr/bin/cc     -fsigned-char -W -Wall -Werror=return-type -Werror=address -Werror=sequence-point -Wformat -Werror=format-security -Wmissing-declarations -Wmissing-prototypes -Wstrict-prototypes -Wundef -Winit-self -Wpointer-arith -Wshadow -Wno-narrowing -fdiagnostics-show-option -Wno-long-long -pthread -fomit-frame-pointer -msse -msse2 -msse3 -ffunction-sections  -O3 -DNDEBUG    CMakeFiles/cmTryCompileExec1217558956.dir/CheckIncludeFile.c.o  -o cmTryCompileExec1217558956 -rdynamic 
make[1]: Leaving directory `/home/terence/finalyear/IndividualProject/code/OpenCV/opencv-2.4.11/CMakeFiles/CMakeTmp'


Determining if the Q_WS_X11 exist passed with the following output:
Change Dir: /home/terence/finalyear/IndividualProject/code/OpenCV/opencv-2.4.11/CMakeFiles/CMakeTmp

Run Build Command:/usr/bin/make "cmTryCompileExec2339082902/fast"
/usr/bin/make -f CMakeFiles/cmTryCompileExec2339082902.dir/build.make CMakeFiles/cmTryCompileExec2339082902.dir/build
make[1]: Entering directory `/home/terence/finalyear/IndividualProject/code/OpenCV/opencv-2.4.11/CMakeFiles/CMakeTmp'
/usr/bin/cmake -E cmake_progress_report /home/terence/finalyear/IndividualProject/code/OpenCV/opencv-2.4.11/CMakeFiles/CMakeTmp/CMakeFiles 1
Building CXX object CMakeFiles/cmTryCompileExec2339082902.dir/CheckSymbolExists.cxx.o
/usr/bin/c++    -fsigned-char -W -Wall -Werror=return-type -Werror=address -Werror=sequence-point -Wformat -Werror=format-security -Wmissing-declarations -Wundef -Winit-self -Wpointer-arith -Wshadow -Wsign-promo -Wno-narrowing -Wno-delete-non-virtual-dtor -fdiagnostics-show-option -Wno-long-long -pthread -fomit-frame-pointer -msse -msse2 -msse3 -ffunction-sections  -O3 -DNDEBUG -I/usr/include/qt4    -o CMakeFiles/cmTryCompileExec2339082902.dir/CheckSymbolExists.cxx.o -c /home/terence/finalyear/IndividualProject/code/OpenCV/opencv-2.4.11/CMakeFiles/CMakeTmp/CheckSymbolExists.cxx
Linking CXX executable cmTryCompileExec2339082902
/usr/bin/cmake -E cmake_link_script CMakeFiles/cmTryCompileExec2339082902.dir/link.txt --verbose=1
/usr/bin/c++      -fsigned-char -W -Wall -Werror=return-type -Werror=address -Werror=sequence-point -Wformat -Werror=format-security -Wmissing-declarations -Wundef -Winit-self -Wpointer-arith -Wshadow -Wsign-promo -Wno-narrowing -Wno-delete-non-virtual-dtor -fdiagnostics-show-option -Wno-long-long -pthread -fomit-frame-pointer -msse -msse2 -msse3 -ffunction-sections  -O3 -DNDEBUG    CMakeFiles/cmTryCompileExec2339082902.dir/CheckSymbolExists.cxx.o  -o cmTryCompileExec2339082902 -rdynamic 
make[1]: Leaving directory `/home/terence/finalyear/IndividualProject/code/OpenCV/opencv-2.4.11/CMakeFiles/CMakeTmp'

File /home/terence/finalyear/IndividualProject/code/OpenCV/opencv-2.4.11/CMakeFiles/CMakeTmp/CheckSymbolExists.cxx:
/* */
#include <QtCore/qglobal.h>

int main(int argc, char** argv)
{
  (void)argv;
#ifndef Q_WS_X11
  return ((int*)(&Q_WS_X11))[argc];
#else
  (void)argc;
  return 0;
#endif
}

Determining if the function XOpenDisplay exists in the /usr/lib/x86_64-linux-gnu/libX11.so;/usr/lib/x86_64-linux-gnu/libXext.so passed with the following output:
Change Dir: /home/terence/finalyear/IndividualProject/code/OpenCV/opencv-2.4.11/CMakeFiles/CMakeTmp

Run Build Command:/usr/bin/make "cmTryCompileExec1572837345/fast"
/usr/bin/make -f CMakeFiles/cmTryCompileExec1572837345.dir/build.make CMakeFiles/cmTryCompileExec1572837345.dir/build
make[1]: Entering directory `/home/terence/finalyear/IndividualProject/code/OpenCV/opencv-2.4.11/CMakeFiles/CMakeTmp'
/usr/bin/cmake -E cmake_progress_report /home/terence/finalyear/IndividualProject/code/OpenCV/opencv-2.4.11/CMakeFiles/CMakeTmp/CMakeFiles 1
Building C object CMakeFiles/cmTryCompileExec1572837345.dir/CheckFunctionExists.c.o
/usr/bin/cc   -fsigned-char -W -Wall -Werror=return-type -Werror=address -Werror=sequence-point -Wformat -Werror=format-security -Wmissing-declarations -Wmissing-prototypes -Wstrict-prototypes -Wundef -Winit-self -Wpointer-arith -Wshadow -Wno-narrowing -fdiagnostics-show-option -Wno-long-long -pthread -fomit-frame-pointer -msse -msse2 -msse3 -ffunction-sections -DCHECK_FUNCTION_EXISTS=XOpenDisplay -O3 -DNDEBUG   -o CMakeFiles/cmTryCompileExec1572837345.dir/CheckFunctionExists.c.o   -c /usr/share/cmake-2.8/Modules/CheckFunctionExists.c
/usr/share/cmake-2.8/Modules/CheckFunctionExists.c:3:1: warning: function declaration isn’t a prototype [-Wstrict-prototypes]
 char CHECK_FUNCTION_EXISTS();
 ^
Linking C executable cmTryCompileExec1572837345
/usr/bin/cmake -E cmake_link_script CMakeFiles/cmTryCompileExec1572837345.dir/link.txt --verbose=1
/usr/bin/cc     -fsigned-char -W -Wall -Werror=return-type -Werror=address -Werror=sequence-point -Wformat -Werror=format-security -Wmissing-declarations -Wmissing-prototypes -Wstrict-prototypes -Wundef -Winit-self -Wpointer-arith -Wshadow -Wno-narrowing -fdiagnostics-show-option -Wno-long-long -pthread -fomit-frame-pointer -msse -msse2 -msse3 -ffunction-sections -DCHECK_FUNCTION_EXISTS=XOpenDisplay -O3 -DNDEBUG    CMakeFiles/cmTryCompileExec1572837345.dir/CheckFunctionExists.c.o  -o cmTryCompileExec1572837345 -rdynamic -lX11 -lXext 
make[1]: Leaving directory `/home/terence/finalyear/IndividualProject/code/OpenCV/opencv-2.4.11/CMakeFiles/CMakeTmp'


Determining if the function gethostbyname exists passed with the following output:
Change Dir: /home/terence/finalyear/IndividualProject/code/OpenCV/opencv-2.4.11/CMakeFiles/CMakeTmp

Run Build Command:/usr/bin/make "cmTryCompileExec2265724479/fast"
/usr/bin/make -f CMakeFiles/cmTryCompileExec2265724479.dir/build.make CMakeFiles/cmTryCompileExec2265724479.dir/build
make[1]: Entering directory `/home/terence/finalyear/IndividualProject/code/OpenCV/opencv-2.4.11/CMakeFiles/CMakeTmp'
/usr/bin/cmake -E cmake_progress_report /home/terence/finalyear/IndividualProject/code/OpenCV/opencv-2.4.11/CMakeFiles/CMakeTmp/CMakeFiles 1
Building C object CMakeFiles/cmTryCompileExec2265724479.dir/CheckFunctionExists.c.o
/usr/bin/cc   -fsigned-char -W -Wall -Werror=return-type -Werror=address -Werror=sequence-point -Wformat -Werror=format-security -Wmissing-declarations -Wmissing-prototypes -Wstrict-prototypes -Wundef -Winit-self -Wpointer-arith -Wshadow -Wno-narrowing -fdiagnostics-show-option -Wno-long-long -pthread -fomit-frame-pointer -msse -msse2 -msse3 -ffunction-sections -DCHECK_FUNCTION_EXISTS=gethostbyname -O3 -DNDEBUG   -o CMakeFiles/cmTryCompileExec2265724479.dir/CheckFunctionExists.c.o   -c /usr/share/cmake-2.8/Modules/CheckFunctionExists.c
/usr/share/cmake-2.8/Modules/CheckFunctionExists.c:3:1: warning: function declaration isn’t a prototype [-Wstrict-prototypes]
 char CHECK_FUNCTION_EXISTS();
 ^
Linking C executable cmTryCompileExec2265724479
/usr/bin/cmake -E cmake_link_script CMakeFiles/cmTryCompileExec2265724479.dir/link.txt --verbose=1
/usr/bin/cc     -fsigned-char -W -Wall -Werror=return-type -Werror=address -Werror=sequence-point -Wformat -Werror=format-security -Wmissing-declarations -Wmissing-prototypes -Wstrict-prototypes -Wundef -Winit-self -Wpointer-arith -Wshadow -Wno-narrowing -fdiagnostics-show-option -Wno-long-long -pthread -fomit-frame-pointer -msse -msse2 -msse3 -ffunction-sections -DCHECK_FUNCTION_EXISTS=gethostbyname -O3 -DNDEBUG    CMakeFiles/cmTryCompileExec2265724479.dir/CheckFunctionExists.c.o  -o cmTryCompileExec2265724479 -rdynamic 
make[1]: Leaving directory `/home/terence/finalyear/IndividualProject/code/OpenCV/opencv-2.4.11/CMakeFiles/CMakeTmp'


Determining if the function connect exists passed with the following output:
Change Dir: /home/terence/finalyear/IndividualProject/code/OpenCV/opencv-2.4.11/CMakeFiles/CMakeTmp

Run Build Command:/usr/bin/make "cmTryCompileExec4286964311/fast"
/usr/bin/make -f CMakeFiles/cmTryCompileExec4286964311.dir/build.make CMakeFiles/cmTryCompileExec4286964311.dir/build
make[1]: Entering directory `/home/terence/finalyear/IndividualProject/code/OpenCV/opencv-2.4.11/CMakeFiles/CMakeTmp'
/usr/bin/cmake -E cmake_progress_report /home/terence/finalyear/IndividualProject/code/OpenCV/opencv-2.4.11/CMakeFiles/CMakeTmp/CMakeFiles 1
Building C object CMakeFiles/cmTryCompileExec4286964311.dir/CheckFunctionExists.c.o
/usr/bin/cc   -fsigned-char -W -Wall -Werror=return-type -Werror=address -Werror=sequence-point -Wformat -Werror=format-security -Wmissing-declarations -Wmissing-prototypes -Wstrict-prototypes -Wundef -Winit-self -Wpointer-arith -Wshadow -Wno-narrowing -fdiagnostics-show-option -Wno-long-long -pthread -fomit-frame-pointer -msse -msse2 -msse3 -ffunction-sections -DCHECK_FUNCTION_EXISTS=connect -O3 -DNDEBUG   -o CMakeFiles/cmTryCompileExec4286964311.dir/CheckFunctionExists.c.o   -c /usr/share/cmake-2.8/Modules/CheckFunctionExists.c
/usr/share/cmake-2.8/Modules/CheckFunctionExists.c:3:1: warning: function declaration isn’t a prototype [-Wstrict-prototypes]
 char CHECK_FUNCTION_EXISTS();
 ^
Linking C executable cmTryCompileExec4286964311
/usr/bin/cmake -E cmake_link_script CMakeFiles/cmTryCompileExec4286964311.dir/link.txt --verbose=1
/usr/bin/cc     -fsigned-char -W -Wall -Werror=return-type -Werror=address -Werror=sequence-point -Wformat -Werror=format-security -Wmissing-declarations -Wmissing-prototypes -Wstrict-prototypes -Wundef -Winit-self -Wpointer-arith -Wshadow -Wno-narrowing -fdiagnostics-show-option -Wno-long-long -pthread -fomit-frame-pointer -msse -msse2 -msse3 -ffunction-sections -DCHECK_FUNCTION_EXISTS=connect -O3 -DNDEBUG    CMakeFiles/cmTryCompileExec4286964311.dir/CheckFunctionExists.c.o  -o cmTryCompileExec4286964311 -rdynamic 
make[1]: Leaving directory `/home/terence/finalyear/IndividualProject/code/OpenCV/opencv-2.4.11/CMakeFiles/CMakeTmp'


Determining if the function remove exists passed with the following output:
Change Dir: /home/terence/finalyear/IndividualProject/code/OpenCV/opencv-2.4.11/CMakeFiles/CMakeTmp

Run Build Command:/usr/bin/make "cmTryCompileExec2185278750/fast"
/usr/bin/make -f CMakeFiles/cmTryCompileExec2185278750.dir/build.make CMakeFiles/cmTryCompileExec2185278750.dir/build
make[1]: Entering directory `/home/terence/finalyear/IndividualProject/code/OpenCV/opencv-2.4.11/CMakeFiles/CMakeTmp'
/usr/bin/cmake -E cmake_progress_report /home/terence/finalyear/IndividualProject/code/OpenCV/opencv-2.4.11/CMakeFiles/CMakeTmp/CMakeFiles 1
Building C object CMakeFiles/cmTryCompileExec2185278750.dir/CheckFunctionExists.c.o
/usr/bin/cc   -fsigned-char -W -Wall -Werror=return-type -Werror=address -Werror=sequence-point -Wformat -Werror=format-security -Wmissing-declarations -Wmissing-prototypes -Wstrict-prototypes -Wundef -Winit-self -Wpointer-arith -Wshadow -Wno-narrowing -fdiagnostics-show-option -Wno-long-long -pthread -fomit-frame-pointer -msse -msse2 -msse3 -ffunction-sections -DCHECK_FUNCTION_EXISTS=remove -O3 -DNDEBUG   -o CMakeFiles/cmTryCompileExec2185278750.dir/CheckFunctionExists.c.o   -c /usr/share/cmake-2.8/Modules/CheckFunctionExists.c
/usr/share/cmake-2.8/Modules/CheckFunctionExists.c:3:1: warning: function declaration isn’t a prototype [-Wstrict-prototypes]
 char CHECK_FUNCTION_EXISTS();
 ^
Linking C executable cmTryCompileExec2185278750
/usr/bin/cmake -E cmake_link_script CMakeFiles/cmTryCompileExec2185278750.dir/link.txt --verbose=1
/usr/bin/cc     -fsigned-char -W -Wall -Werror=return-type -Werror=address -Werror=sequence-point -Wformat -Werror=format-security -Wmissing-declarations -Wmissing-prototypes -Wstrict-prototypes -Wundef -Winit-self -Wpointer-arith -Wshadow -Wno-narrowing -fdiagnostics-show-option -Wno-long-long -pthread -fomit-frame-pointer -msse -msse2 -msse3 -ffunction-sections -DCHECK_FUNCTION_EXISTS=remove -O3 -DNDEBUG    CMakeFiles/cmTryCompileExec2185278750.dir/CheckFunctionExists.c.o  -o cmTryCompileExec2185278750 -rdynamic 
make[1]: Leaving directory `/home/terence/finalyear/IndividualProject/code/OpenCV/opencv-2.4.11/CMakeFiles/CMakeTmp'


Determining if the function shmat exists passed with the following output:
Change Dir: /home/terence/finalyear/IndividualProject/code/OpenCV/opencv-2.4.11/CMakeFiles/CMakeTmp

Run Build Command:/usr/bin/make "cmTryCompileExec1413168167/fast"
/usr/bin/make -f CMakeFiles/cmTryCompileExec1413168167.dir/build.make CMakeFiles/cmTryCompileExec1413168167.dir/build
make[1]: Entering directory `/home/terence/finalyear/IndividualProject/code/OpenCV/opencv-2.4.11/CMakeFiles/CMakeTmp'
/usr/bin/cmake -E cmake_progress_report /home/terence/finalyear/IndividualProject/code/OpenCV/opencv-2.4.11/CMakeFiles/CMakeTmp/CMakeFiles 1
Building C object CMakeFiles/cmTryCompileExec1413168167.dir/CheckFunctionExists.c.o
/usr/bin/cc   -fsigned-char -W -Wall -Werror=return-type -Werror=address -Werror=sequence-point -Wformat -Werror=format-security -Wmissing-declarations -Wmissing-prototypes -Wstrict-prototypes -Wundef -Winit-self -Wpointer-arith -Wshadow -Wno-narrowing -fdiagnostics-show-option -Wno-long-long -pthread -fomit-frame-pointer -msse -msse2 -msse3 -ffunction-sections -DCHECK_FUNCTION_EXISTS=shmat -O3 -DNDEBUG   -o CMakeFiles/cmTryCompileExec1413168167.dir/CheckFunctionExists.c.o   -c /usr/share/cmake-2.8/Modules/CheckFunctionExists.c
/usr/share/cmake-2.8/Modules/CheckFunctionExists.c:3:1: warning: function declaration isn’t a prototype [-Wstrict-prototypes]
 char CHECK_FUNCTION_EXISTS();
 ^
Linking C executable cmTryCompileExec1413168167
/usr/bin/cmake -E cmake_link_script CMakeFiles/cmTryCompileExec1413168167.dir/link.txt --verbose=1
/usr/bin/cc     -fsigned-char -W -Wall -Werror=return-type -Werror=address -Werror=sequence-point -Wformat -Werror=format-security -Wmissing-declarations -Wmissing-prototypes -Wstrict-prototypes -Wundef -Winit-self -Wpointer-arith -Wshadow -Wno-narrowing -fdiagnostics-show-option -Wno-long-long -pthread -fomit-frame-pointer -msse -msse2 -msse3 -ffunction-sections -DCHECK_FUNCTION_EXISTS=shmat -O3 -DNDEBUG    CMakeFiles/cmTryCompileExec1413168167.dir/CheckFunctionExists.c.o  -o cmTryCompileExec1413168167 -rdynamic 
make[1]: Leaving directory `/home/terence/finalyear/IndividualProject/code/OpenCV/opencv-2.4.11/CMakeFiles/CMakeTmp'


Determining if the function IceConnectionNumber exists in the ICE passed with the following output:
Change Dir: /home/terence/finalyear/IndividualProject/code/OpenCV/opencv-2.4.11/CMakeFiles/CMakeTmp

Run Build Command:/usr/bin/make "cmTryCompileExec1885174488/fast"
/usr/bin/make -f CMakeFiles/cmTryCompileExec1885174488.dir/build.make CMakeFiles/cmTryCompileExec1885174488.dir/build
make[1]: Entering directory `/home/terence/finalyear/IndividualProject/code/OpenCV/opencv-2.4.11/CMakeFiles/CMakeTmp'
/usr/bin/cmake -E cmake_progress_report /home/terence/finalyear/IndividualProject/code/OpenCV/opencv-2.4.11/CMakeFiles/CMakeTmp/CMakeFiles 1
Building C object CMakeFiles/cmTryCompileExec1885174488.dir/CheckFunctionExists.c.o
/usr/bin/cc   -fsigned-char -W -Wall -Werror=return-type -Werror=address -Werror=sequence-point -Wformat -Werror=format-security -Wmissing-declarations -Wmissing-prototypes -Wstrict-prototypes -Wundef -Winit-self -Wpointer-arith -Wshadow -Wno-narrowing -fdiagnostics-show-option -Wno-long-long -pthread -fomit-frame-pointer -msse -msse2 -msse3 -ffunction-sections -DCHECK_FUNCTION_EXISTS=IceConnectionNumber -O3 -DNDEBUG   -o CMakeFiles/cmTryCompileExec1885174488.dir/CheckFunctionExists.c.o   -c /usr/share/cmake-2.8/Modules/CheckFunctionExists.c
/usr/share/cmake-2.8/Modules/CheckFunctionExists.c:3:1: warning: function declaration isn’t a prototype [-Wstrict-prototypes]
 char CHECK_FUNCTION_EXISTS();
 ^
Linking C executable cmTryCompileExec1885174488
/usr/bin/cmake -E cmake_link_script CMakeFiles/cmTryCompileExec1885174488.dir/link.txt --verbose=1
/usr/bin/cc     -fsigned-char -W -Wall -Werror=return-type -Werror=address -Werror=sequence-point -Wformat -Werror=format-security -Wmissing-declarations -Wmissing-prototypes -Wstrict-prototypes -Wundef -Winit-self -Wpointer-arith -Wshadow -Wno-narrowing -fdiagnostics-show-option -Wno-long-long -pthread -fomit-frame-pointer -msse -msse2 -msse3 -ffunction-sections -DCHECK_FUNCTION_EXISTS=IceConnectionNumber -O3 -DNDEBUG    CMakeFiles/cmTryCompileExec1885174488.dir/CheckFunctionExists.c.o  -o cmTryCompileExec1885174488 -rdynamic -lICE 
make[1]: Leaving directory `/home/terence/finalyear/IndividualProject/code/OpenCV/opencv-2.4.11/CMakeFiles/CMakeTmp'


Determining if the include file linux/videodev2.h exists passed with the following output:
Change Dir: /home/terence/finalyear/IndividualProject/code/OpenCV/opencv-2.4.11/CMakeFiles/CMakeTmp

Run Build Command:/usr/bin/make "cmTryCompileExec2133736309/fast"
/usr/bin/make -f CMakeFiles/cmTryCompileExec2133736309.dir/build.make CMakeFiles/cmTryCompileExec2133736309.dir/build
make[1]: Entering directory `/home/terence/finalyear/IndividualProject/code/OpenCV/opencv-2.4.11/CMakeFiles/CMakeTmp'
/usr/bin/cmake -E cmake_progress_report /home/terence/finalyear/IndividualProject/code/OpenCV/opencv-2.4.11/CMakeFiles/CMakeTmp/CMakeFiles 1
Building C object CMakeFiles/cmTryCompileExec2133736309.dir/CheckIncludeFile.c.o
/usr/bin/cc   -fsigned-char -W -Wall -Werror=return-type -Werror=address -Werror=sequence-point -Wformat -Werror=format-security -Wmissing-declarations -Wmissing-prototypes -Wstrict-prototypes -Wundef -Winit-self -Wpointer-arith -Wshadow -Wno-narrowing -fdiagnostics-show-option -Wno-long-long -pthread -fomit-frame-pointer -msse -msse2 -msse3 -ffunction-sections  -O3 -DNDEBUG   -o CMakeFiles/cmTryCompileExec2133736309.dir/CheckIncludeFile.c.o   -c /home/terence/finalyear/IndividualProject/code/OpenCV/opencv-2.4.11/CMakeFiles/CMakeTmp/CheckIncludeFile.c
Linking C executable cmTryCompileExec2133736309
/usr/bin/cmake -E cmake_link_script CMakeFiles/cmTryCompileExec2133736309.dir/link.txt --verbose=1
/usr/bin/cc     -fsigned-char -W -Wall -Werror=return-type -Werror=address -Werror=sequence-point -Wformat -Werror=format-security -Wmissing-declarations -Wmissing-prototypes -Wstrict-prototypes -Wundef -Winit-self -Wpointer-arith -Wshadow -Wno-narrowing -fdiagnostics-show-option -Wno-long-long -pthread -fomit-frame-pointer -msse -msse2 -msse3 -ffunction-sections  -O3 -DNDEBUG    CMakeFiles/cmTryCompileExec2133736309.dir/CheckIncludeFile.c.o  -o cmTryCompileExec2133736309 -rdynamic 
make[1]: Leaving directory `/home/terence/finalyear/IndividualProject/code/OpenCV/opencv-2.4.11/CMakeFiles/CMakeTmp'


